<?xml version="1.0" encoding="UTF-8"?>
<testsuite xmlns:xsi="http://www.w3.org/2001/XMLSchema-instance" xsi:noNamespaceSchemaLocation="https://maven.apache.org/surefire/maven-surefire-plugin/xsd/surefire-test-report-3.0.xsd" version="3.0" name="com.test.ManageAssetTest" time="135.186" tests="25" errors="0" skipped="0" failures="0">
  <properties>
[...]
</properties>
  <testcase name="testAssetIdSpaceValidation" classname="com.test.ManageAssetTest" time="5.14">
    <system-out><![CDATA[
==========================================
APPLICATION OPENED
FRONTEND ONLY TEST
BACKEND NOT REQUIRED
==========================================

STARTING NAVIGATION
PASS: Login button clicked
PASS: Login page opened
Username and password intentionally NOT entered
PASS: Asset Mgmt clicked
PASS: Asset Management page opened
PASS: Manage Assets button clicked
PASS: Manage Asset page opened
TEST 07 PASSED - Space validation

Browser closed
]]></system-out>
    <system-err><![CDATA[Aug 15, 2026 5:14:12 PM org.openqa.selenium.devtools.CdpVersionFinder findNearestMatch
WARNING: Unable to find CDP implementation matching 151
Aug 15, 2026 5:14:12 PM org.openqa.selenium.chromium.ChromiumDriver lambda$new$5
WARNING: Unable to find version of CDP to use for 151.0.7922.138. You may need to include a dependency on a specific version of the CDP using something similar to `org.seleniumhq.selenium:selenium-devtools-v86:4.23.1` where the version ("v86") matches the version of the chromium-based browser you're using and the version number of the artifact is the same as Selenium's.
]]></system-err>
  </testcase>
  <testcase name="testValidAssetSearch" classname="com.test.ManageAssetTest" time="5.239">
    <system-out><![CDATA[
==========================================
APPLICATION OPENED
FRONTEND ONLY TEST
BACKEND NOT REQUIRED
==========================================

STARTING NAVIGATION
PASS: Login button clicked
PASS: Login page opened
Username and password intentionally NOT entered
PASS: Asset Mgmt clicked
PASS: Asset Management page opened
PASS: Manage Assets button clicked
PASS: Manage Asset page opened
TEST 10 PASSED - Valid search

Browser closed
]]></system-out>
    <system-err><![CDATA[Aug 15, 2026 5:14:17 PM org.openqa.selenium.devtools.CdpVersionFinder findNearestMatch
WARNING: Unable to find CDP implementation matching 151
Aug 15, 2026 5:14:17 PM org.openqa.selenium.chromium.ChromiumDriver lambda$new$5
WARNING: Unable to find version of CDP to use for 151.0.7922.138. You may need to include a dependency on a specific version of the CDP using something similar to `org.seleniumhq.selenium:selenium-devtools-v86:4.23.1` where the version ("v86") matches the version of the chromium-based browser you're using and the version number of the artifact is the same as Selenium's.
]]></system-err>
  </testcase>
  <testcase name="testModelValidation" classname="com.test.ManageAssetTest" time="7.418">
    <system-out><![CDATA[
==========================================
APPLICATION OPENED
FRONTEND ONLY TEST
BACKEND NOT REQUIRED
==========================================

STARTING NAVIGATION
PASS: Login button clicked
PASS: Login page opened
Username and password intentionally NOT entered
PASS: Asset Mgmt clicked
PASS: Asset Management page opened
PASS: Manage Assets button clicked
PASS: Manage Asset page opened
TEST 16 PASSED - Model validation

Browser closed
]]></system-out>
    <system-err><![CDATA[Aug 15, 2026 5:14:22 PM org.openqa.selenium.devtools.CdpVersionFinder findNearestMatch
WARNING: Unable to find CDP implementation matching 151
Aug 15, 2026 5:14:22 PM org.openqa.selenium.chromium.ChromiumDriver lambda$new$5
WARNING: Unable to find version of CDP to use for 151.0.7922.138. You may need to include a dependency on a specific version of the CDP using something similar to `org.seleniumhq.selenium:selenium-devtools-v86:4.23.1` where the version ("v86") matches the version of the chromium-based browser you're using and the version number of the artifact is the same as Selenium's.
]]></system-err>
  </testcase>
  <testcase name="testLowercaseAssetIdValidation" classname="com.test.ManageAssetTest" time="4.397">
    <system-out><![CDATA[
==========================================
APPLICATION OPENED
FRONTEND ONLY TEST
BACKEND NOT REQUIRED
==========================================

STARTING NAVIGATION
PASS: Login button clicked
PASS: Login page opened
Username and password intentionally NOT entered
PASS: Asset Mgmt clicked
PASS: Asset Management page opened
PASS: Manage Assets button clicked
PASS: Manage Asset page opened
TEST 06 PASSED - Lowercase validation

Browser closed
]]></system-out>
    <system-err><![CDATA[Aug 15, 2026 5:14:29 PM org.openqa.selenium.devtools.CdpVersionFinder findNearestMatch
WARNING: Unable to find CDP implementation matching 151
Aug 15, 2026 5:14:29 PM org.openqa.selenium.chromium.ChromiumDriver lambda$new$5
WARNING: Unable to find version of CDP to use for 151.0.7922.138. You may need to include a dependency on a specific version of the CDP using something similar to `org.seleniumhq.selenium:selenium-devtools-v86:4.23.1` where the version ("v86") matches the version of the chromium-based browser you're using and the version number of the artifact is the same as Selenium's.
]]></system-err>
  </testcase>
  <testcase name="testDeleteConfirmationModal" classname="com.test.ManageAssetTest" time="5.968">
    <system-out><![CDATA[
==========================================
APPLICATION OPENED
FRONTEND ONLY TEST
BACKEND NOT REQUIRED
==========================================

STARTING NAVIGATION
PASS: Login button clicked
PASS: Login page opened
Username and password intentionally NOT entered
PASS: Asset Mgmt clicked
PASS: Asset Management page opened
PASS: Manage Assets button clicked
PASS: Manage Asset page opened
TEST 20 PASSED - Delete confirmation modal

Browser closed
]]></system-out>
    <system-err><![CDATA[Aug 15, 2026 5:14:34 PM org.openqa.selenium.devtools.CdpVersionFinder findNearestMatch
WARNING: Unable to find CDP implementation matching 151
Aug 15, 2026 5:14:34 PM org.openqa.selenium.chromium.ChromiumDriver lambda$new$5
WARNING: Unable to find version of CDP to use for 151.0.7922.138. You may need to include a dependency on a specific version of the CDP using something similar to `org.seleniumhq.selenium:selenium-devtools-v86:4.23.1` where the version ("v86") matches the version of the chromium-based browser you're using and the version number of the artifact is the same as Selenium's.
]]></system-err>
  </testcase>
  <testcase name="testLogoutButtonDisplayed" classname="com.test.ManageAssetTest" time="4.173">
    <system-out><![CDATA[
==========================================
APPLICATION OPENED
FRONTEND ONLY TEST
BACKEND NOT REQUIRED
==========================================

STARTING NAVIGATION
PASS: Login button clicked
PASS: Login page opened
Username and password intentionally NOT entered
PASS: Asset Mgmt clicked
PASS: Asset Management page opened
PASS: Manage Assets button clicked
PASS: Manage Asset page opened
TEST 23 PASSED - Logout button

Browser closed
]]></system-out>
    <system-err><![CDATA[Aug 15, 2026 5:14:40 PM org.openqa.selenium.devtools.CdpVersionFinder findNearestMatch
WARNING: Unable to find CDP implementation matching 151
Aug 15, 2026 5:14:40 PM org.openqa.selenium.chromium.ChromiumDriver lambda$new$5
WARNING: Unable to find version of CDP to use for 151.0.7922.138. You may need to include a dependency on a specific version of the CDP using something similar to `org.seleniumhq.selenium:selenium-devtools-v86:4.23.1` where the version ("v86") matches the version of the chromium-based browser you're using and the version number of the artifact is the same as Selenium's.
]]></system-err>
  </testcase>
  <testcase name="testMonitorSearch" classname="com.test.ManageAssetTest" time="5.202">
    <system-out><![CDATA[
==========================================
APPLICATION OPENED
FRONTEND ONLY TEST
BACKEND NOT REQUIRED
==========================================

STARTING NAVIGATION
PASS: Login button clicked
PASS: Login page opened
Username and password intentionally NOT entered
PASS: Asset Mgmt clicked
PASS: Asset Management page opened
PASS: Manage Assets button clicked
PASS: Manage Asset page opened
TEST 25 PASSED - Monitor search

Browser closed
]]></system-out>
    <system-err><![CDATA[Aug 15, 2026 5:14:44 PM org.openqa.selenium.devtools.CdpVersionFinder findNearestMatch
WARNING: Unable to find CDP implementation matching 151
Aug 15, 2026 5:14:44 PM org.openqa.selenium.chromium.ChromiumDriver lambda$new$5
WARNING: Unable to find version of CDP to use for 151.0.7922.138. You may need to include a dependency on a specific version of the CDP using something similar to `org.seleniumhq.selenium:selenium-devtools-v86:4.23.1` where the version ("v86") matches the version of the chromium-based browser you're using and the version number of the artifact is the same as Selenium's.
]]></system-err>
  </testcase>
  <testcase name="testRowsPerPage" classname="com.test.ManageAssetTest" time="4.906">
    <system-out><![CDATA[
==========================================
APPLICATION OPENED
FRONTEND ONLY TEST
BACKEND NOT REQUIRED
==========================================

STARTING NAVIGATION
PASS: Login button clicked
PASS: Login page opened
Username and password intentionally NOT entered
PASS: Asset Mgmt clicked
PASS: Asset Management page opened
PASS: Manage Assets button clicked
PASS: Manage Asset page opened
TEST 13 PASSED - Rows per page

Browser closed
]]></system-out>
    <system-err><![CDATA[Aug 15, 2026 5:14:49 PM org.openqa.selenium.devtools.CdpVersionFinder findNearestMatch
WARNING: Unable to find CDP implementation matching 151
Aug 15, 2026 5:14:49 PM org.openqa.selenium.chromium.ChromiumDriver lambda$new$5
WARNING: Unable to find version of CDP to use for 151.0.7922.138. You may need to include a dependency on a specific version of the CDP using something similar to `org.seleniumhq.selenium:selenium-devtools-v86:4.23.1` where the version ("v86") matches the version of the chromium-based browser you're using and the version number of the artifact is the same as Selenium's.
]]></system-err>
  </testcase>
  <testcase name="testPageTitleAndSubtitle" classname="com.test.ManageAssetTest" time="4.088">
    <system-out><![CDATA[
==========================================
APPLICATION OPENED
FRONTEND ONLY TEST
BACKEND NOT REQUIRED
==========================================

STARTING NAVIGATION
PASS: Login button clicked
PASS: Login page opened
Username and password intentionally NOT entered
PASS: Asset Mgmt clicked
PASS: Asset Management page opened
PASS: Manage Assets button clicked
PASS: Manage Asset page opened
TEST 02 PASSED - Title and subtitle

Browser closed
]]></system-out>
    <system-err><![CDATA[Aug 15, 2026 5:14:54 PM org.openqa.selenium.devtools.CdpVersionFinder findNearestMatch
WARNING: Unable to find CDP implementation matching 151
Aug 15, 2026 5:14:54 PM org.openqa.selenium.chromium.ChromiumDriver lambda$new$5
WARNING: Unable to find version of CDP to use for 151.0.7922.138. You may need to include a dependency on a specific version of the CDP using something similar to `org.seleniumhq.selenium:selenium-devtools-v86:4.23.1` where the version ("v86") matches the version of the chromium-based browser you're using and the version number of the artifact is the same as Selenium's.
]]></system-err>
  </testcase>
  <testcase name="testAssetTableDisplayed" classname="com.test.ManageAssetTest" time="4.997">
    <system-out><![CDATA[
==========================================
APPLICATION OPENED
FRONTEND ONLY TEST
BACKEND NOT REQUIRED
==========================================

STARTING NAVIGATION
PASS: Login button clicked
PASS: Login page opened
Username and password intentionally NOT entered
PASS: Asset Mgmt clicked
PASS: Asset Management page opened
PASS: Manage Assets button clicked
PASS: Manage Asset page opened
TEST 12 PASSED - Asset table

Browser closed
]]></system-out>
    <system-err><![CDATA[Aug 15, 2026 5:14:58 PM org.openqa.selenium.devtools.CdpVersionFinder findNearestMatch
WARNING: Unable to find CDP implementation matching 151
Aug 15, 2026 5:14:58 PM org.openqa.selenium.chromium.ChromiumDriver lambda$new$5
WARNING: Unable to find version of CDP to use for 151.0.7922.138. You may need to include a dependency on a specific version of the CDP using something similar to `org.seleniumhq.selenium:selenium-devtools-v86:4.23.1` where the version ("v86") matches the version of the chromium-based browser you're using and the version number of the artifact is the same as Selenium's.
]]></system-err>
  </testcase>
  <testcase name="testSpecialCharacterValidation" classname="com.test.ManageAssetTest" time="4.564">
    <system-out><![CDATA[
==========================================
APPLICATION OPENED
FRONTEND ONLY TEST
BACKEND NOT REQUIRED
==========================================

STARTING NAVIGATION
PASS: Login button clicked
PASS: Login page opened
Username and password intentionally NOT entered
PASS: Asset Mgmt clicked
PASS: Asset Management page opened
PASS: Manage Assets button clicked
PASS: Manage Asset page opened
TEST 08 PASSED - Special character validation

Browser closed
]]></system-out>
    <system-err><![CDATA[Aug 15, 2026 5:15:03 PM org.openqa.selenium.devtools.CdpVersionFinder findNearestMatch
WARNING: Unable to find CDP implementation matching 151
Aug 15, 2026 5:15:03 PM org.openqa.selenium.chromium.ChromiumDriver lambda$new$5
WARNING: Unable to find version of CDP to use for 151.0.7922.138. You may need to include a dependency on a specific version of the CDP using something similar to `org.seleniumhq.selenium:selenium-devtools-v86:4.23.1` where the version ("v86") matches the version of the chromium-based browser you're using and the version number of the artifact is the same as Selenium's.
]]></system-err>
  </testcase>
  <testcase name="testDeleteButton" classname="com.test.ManageAssetTest" time="6.482">
    <system-out><![CDATA[
==========================================
APPLICATION OPENED
FRONTEND ONLY TEST
BACKEND NOT REQUIRED
==========================================

STARTING NAVIGATION
PASS: Login button clicked
PASS: Login page opened
Username and password intentionally NOT entered
PASS: Asset Mgmt clicked
PASS: Asset Management page opened
PASS: Manage Assets button clicked
PASS: Manage Asset page opened
TEST 19 PASSED - Delete button

Browser closed
]]></system-out>
    <system-err><![CDATA[Aug 15, 2026 5:15:07 PM org.openqa.selenium.devtools.CdpVersionFinder findNearestMatch
WARNING: Unable to find CDP implementation matching 151
Aug 15, 2026 5:15:07 PM org.openqa.selenium.chromium.ChromiumDriver lambda$new$5
WARNING: Unable to find version of CDP to use for 151.0.7922.138. You may need to include a dependency on a specific version of the CDP using something similar to `org.seleniumhq.selenium:selenium-devtools-v86:4.23.1` where the version ("v86") matches the version of the chromium-based browser you're using and the version number of the artifact is the same as Selenium's.
]]></system-err>
  </testcase>
  <testcase name="testEmptySearchValidation" classname="com.test.ManageAssetTest" time="4.519">
    <system-out><![CDATA[
==========================================
APPLICATION OPENED
FRONTEND ONLY TEST
BACKEND NOT REQUIRED
==========================================

STARTING NAVIGATION
PASS: Login button clicked
PASS: Login page opened
Username and password intentionally NOT entered
PASS: Asset Mgmt clicked
PASS: Asset Management page opened
PASS: Manage Assets button clicked
PASS: Manage Asset page opened
TEST 05 PASSED - Empty search validation

Browser closed
]]></system-out>
    <system-err><![CDATA[Aug 15, 2026 5:15:14 PM org.openqa.selenium.devtools.CdpVersionFinder findNearestMatch
WARNING: Unable to find CDP implementation matching 151
Aug 15, 2026 5:15:14 PM org.openqa.selenium.chromium.ChromiumDriver lambda$new$5
WARNING: Unable to find version of CDP to use for 151.0.7922.138. You may need to include a dependency on a specific version of the CDP using something similar to `org.seleniumhq.selenium:selenium-devtools-v86:4.23.1` where the version ("v86") matches the version of the chromium-based browser you're using and the version number of the artifact is the same as Selenium's.
]]></system-err>
  </testcase>
  <testcase name="testAssetTypeDropdown" classname="com.test.ManageAssetTest" time="4.905">
    <system-out><![CDATA[
==========================================
APPLICATION OPENED
FRONTEND ONLY TEST
BACKEND NOT REQUIRED
==========================================

STARTING NAVIGATION
PASS: Login button clicked
PASS: Login page opened
Username and password intentionally NOT entered
PASS: Asset Mgmt clicked
PASS: Asset Management page opened
PASS: Manage Assets button clicked
PASS: Manage Asset page opened
TEST 04 PASSED - Asset Type dropdown

Browser closed
]]></system-out>
    <system-err><![CDATA[Aug 15, 2026 5:15:19 PM org.openqa.selenium.devtools.CdpVersionFinder findNearestMatch
WARNING: Unable to find CDP implementation matching 151
Aug 15, 2026 5:15:19 PM org.openqa.selenium.chromium.ChromiumDriver lambda$new$5
WARNING: Unable to find version of CDP to use for 151.0.7922.138. You may need to include a dependency on a specific version of the CDP using something similar to `org.seleniumhq.selenium:selenium-devtools-v86:4.23.1` where the version ("v86") matches the version of the chromium-based browser you're using and the version number of the artifact is the same as Selenium's.
]]></system-err>
  </testcase>
  <testcase name="testEditButton" classname="com.test.ManageAssetTest" time="6.01">
    <system-out><![CDATA[
==========================================
APPLICATION OPENED
FRONTEND ONLY TEST
BACKEND NOT REQUIRED
==========================================

STARTING NAVIGATION
PASS: Login button clicked
PASS: Login page opened
Username and password intentionally NOT entered
PASS: Asset Mgmt clicked
PASS: Asset Management page opened
PASS: Manage Assets button clicked
PASS: Manage Asset page opened
TEST 14 PASSED - Edit button

Browser closed
]]></system-out>
    <system-err><![CDATA[Aug 15, 2026 5:15:23 PM org.openqa.selenium.devtools.CdpVersionFinder findNearestMatch
WARNING: Unable to find CDP implementation matching 151
Aug 15, 2026 5:15:23 PM org.openqa.selenium.chromium.ChromiumDriver lambda$new$5
WARNING: Unable to find version of CDP to use for 151.0.7922.138. You may need to include a dependency on a specific version of the CDP using something similar to `org.seleniumhq.selenium:selenium-devtools-v86:4.23.1` where the version ("v86") matches the version of the chromium-based browser you're using and the version number of the artifact is the same as Selenium's.
]]></system-err>
  </testcase>
  <testcase name="testAssetIdLengthValidation" classname="com.test.ManageAssetTest" time="4.804">
    <system-out><![CDATA[
==========================================
APPLICATION OPENED
FRONTEND ONLY TEST
BACKEND NOT REQUIRED
==========================================

STARTING NAVIGATION
PASS: Login button clicked
PASS: Login page opened
Username and password intentionally NOT entered
PASS: Asset Mgmt clicked
PASS: Asset Management page opened
PASS: Manage Assets button clicked
PASS: Manage Asset page opened
TEST 09 PASSED - Length validation

Browser closed
]]></system-out>
    <system-err><![CDATA[Aug 15, 2026 5:15:29 PM org.openqa.selenium.devtools.CdpVersionFinder findNearestMatch
WARNING: Unable to find CDP implementation matching 151
Aug 15, 2026 5:15:29 PM org.openqa.selenium.chromium.ChromiumDriver lambda$new$5
WARNING: Unable to find version of CDP to use for 151.0.7922.138. You may need to include a dependency on a specific version of the CDP using something similar to `org.seleniumhq.selenium:selenium-devtools-v86:4.23.1` where the version ("v86") matches the version of the chromium-based browser you're using and the version number of the artifact is the same as Selenium's.
]]></system-err>
  </testcase>
  <testcase name="testSearchSection" classname="com.test.ManageAssetTest" time="4.118">
    <system-out><![CDATA[
==========================================
APPLICATION OPENED
FRONTEND ONLY TEST
BACKEND NOT REQUIRED
==========================================

STARTING NAVIGATION
PASS: Login button clicked
PASS: Login page opened
Username and password intentionally NOT entered
PASS: Asset Mgmt clicked
PASS: Asset Management page opened
PASS: Manage Assets button clicked
PASS: Manage Asset page opened
TEST 03 PASSED - Search section

Browser closed
]]></system-out>
    <system-err><![CDATA[Aug 15, 2026 5:15:34 PM org.openqa.selenium.devtools.CdpVersionFinder findNearestMatch
WARNING: Unable to find CDP implementation matching 151
Aug 15, 2026 5:15:34 PM org.openqa.selenium.chromium.ChromiumDriver lambda$new$5
WARNING: Unable to find version of CDP to use for 151.0.7922.138. You may need to include a dependency on a specific version of the CDP using something similar to `org.seleniumhq.selenium:selenium-devtools-v86:4.23.1` where the version ("v86") matches the version of the chromium-based browser you're using and the version number of the artifact is the same as Selenium's.
]]></system-err>
  </testcase>
  <testcase name="testDeleteNoButton" classname="com.test.ManageAssetTest" time="6.763">
    <system-out><![CDATA[
==========================================
APPLICATION OPENED
FRONTEND ONLY TEST
BACKEND NOT REQUIRED
==========================================

STARTING NAVIGATION
PASS: Login button clicked
PASS: Login page opened
Username and password intentionally NOT entered
PASS: Asset Mgmt clicked
PASS: Asset Management page opened
PASS: Manage Assets button clicked
PASS: Manage Asset page opened
TEST 21 PASSED - Delete No

Browser closed
]]></system-out>
    <system-err><![CDATA[Aug 15, 2026 5:15:38 PM org.openqa.selenium.devtools.CdpVersionFinder findNearestMatch
WARNING: Unable to find CDP implementation matching 151
Aug 15, 2026 5:15:38 PM org.openqa.selenium.chromium.ChromiumDriver lambda$new$5
WARNING: Unable to find version of CDP to use for 151.0.7922.138. You may need to include a dependency on a specific version of the CDP using something similar to `org.seleniumhq.selenium:selenium-devtools-v86:4.23.1` where the version ("v86") matches the version of the chromium-based browser you're using and the version number of the artifact is the same as Selenium's.
]]></system-err>
  </testcase>
  <testcase name="testCancelEdit" classname="com.test.ManageAssetTest" time="7.78">
    <system-out><![CDATA[
==========================================
APPLICATION OPENED
FRONTEND ONLY TEST
BACKEND NOT REQUIRED
==========================================

STARTING NAVIGATION
PASS: Login button clicked
PASS: Login page opened
Username and password intentionally NOT entered
PASS: Asset Mgmt clicked
PASS: Asset Management page opened
PASS: Manage Assets button clicked
PASS: Manage Asset page opened
TEST 18 PASSED - Cancel Edit

Browser closed
]]></system-out>
    <system-err><![CDATA[Aug 15, 2026 5:15:45 PM org.openqa.selenium.devtools.CdpVersionFinder findNearestMatch
WARNING: Unable to find CDP implementation matching 151
Aug 15, 2026 5:15:45 PM org.openqa.selenium.chromium.ChromiumDriver lambda$new$5
WARNING: Unable to find version of CDP to use for 151.0.7922.138. You may need to include a dependency on a specific version of the CDP using something similar to `org.seleniumhq.selenium:selenium-devtools-v86:4.23.1` where the version ("v86") matches the version of the chromium-based browser you're using and the version number of the artifact is the same as Selenium's.
]]></system-err>
  </testcase>
  <testcase name="testBackButton" classname="com.test.ManageAssetTest" time="6.036">
    <system-out><![CDATA[
==========================================
APPLICATION OPENED
FRONTEND ONLY TEST
BACKEND NOT REQUIRED
==========================================

STARTING NAVIGATION
PASS: Login button clicked
PASS: Login page opened
Username and password intentionally NOT entered
PASS: Asset Mgmt clicked
PASS: Asset Management page opened
PASS: Manage Assets button clicked
PASS: Manage Asset page opened
TEST 22 PASSED - Back button

Browser closed
]]></system-out>
    <system-err><![CDATA[Aug 15, 2026 5:15:53 PM org.openqa.selenium.devtools.CdpVersionFinder findNearestMatch
WARNING: Unable to find CDP implementation matching 151
Aug 15, 2026 5:15:53 PM org.openqa.selenium.chromium.ChromiumDriver lambda$new$5
WARNING: Unable to find version of CDP to use for 151.0.7922.138. You may need to include a dependency on a specific version of the CDP using something similar to `org.seleniumhq.selenium:selenium-devtools-v86:4.23.1` where the version ("v86") matches the version of the chromium-based browser you're using and the version number of the artifact is the same as Selenium's.
]]></system-err>
  </testcase>
  <testcase name="testEditPageFields" classname="com.test.ManageAssetTest" time="6.076">
    <system-out><![CDATA[
==========================================
APPLICATION OPENED
FRONTEND ONLY TEST
BACKEND NOT REQUIRED
==========================================

STARTING NAVIGATION
PASS: Login button clicked
PASS: Login page opened
Username and password intentionally NOT entered
PASS: Asset Mgmt clicked
PASS: Asset Management page opened
PASS: Manage Assets button clicked
PASS: Manage Asset page opened
TEST 15 PASSED - Edit fields

Browser closed
]]></system-out>
    <system-err><![CDATA[Aug 15, 2026 5:15:59 PM org.openqa.selenium.devtools.CdpVersionFinder findNearestMatch
WARNING: Unable to find CDP implementation matching 151
Aug 15, 2026 5:15:59 PM org.openqa.selenium.chromium.ChromiumDriver lambda$new$5
WARNING: Unable to find version of CDP to use for 151.0.7922.138. You may need to include a dependency on a specific version of the CDP using something similar to `org.seleniumhq.selenium:selenium-devtools-v86:4.23.1` where the version ("v86") matches the version of the chromium-based browser you're using and the version number of the artifact is the same as Selenium's.
]]></system-err>
  </testcase>
  <testcase name="testSearchByAssetType" classname="com.test.ManageAssetTest" time="5.142">
    <system-out><![CDATA[
==========================================
APPLICATION OPENED
FRONTEND ONLY TEST
BACKEND NOT REQUIRED
==========================================

STARTING NAVIGATION
PASS: Login button clicked
PASS: Login page opened
Username and password intentionally NOT entered
PASS: Asset Mgmt clicked
PASS: Asset Management page opened
PASS: Manage Assets button clicked
PASS: Manage Asset page opened
TEST 11 PASSED - Search by Asset Type

Browser closed
]]></system-out>
    <system-err><![CDATA[Aug 15, 2026 5:16:05 PM org.openqa.selenium.devtools.CdpVersionFinder findNearestMatch
WARNING: Unable to find CDP implementation matching 151
Aug 15, 2026 5:16:05 PM org.openqa.selenium.chromium.ChromiumDriver lambda$new$5
WARNING: Unable to find version of CDP to use for 151.0.7922.138. You may need to include a dependency on a specific version of the CDP using something similar to `org.seleniumhq.selenium:selenium-devtools-v86:4.23.1` where the version ("v86") matches the version of the chromium-based browser you're using and the version number of the artifact is the same as Selenium's.
]]></system-err>
  </testcase>
  <testcase name="testNavigateToManageAsset" classname="com.test.ManageAssetTest" time="5.145">
    <system-out><![CDATA[
==========================================
APPLICATION OPENED
FRONTEND ONLY TEST
BACKEND NOT REQUIRED
==========================================

==========================================
TEST 01 - NAVIGATION
==========================================

STARTING NAVIGATION
PASS: Login button clicked
PASS: Login page opened
Username and password intentionally NOT entered
PASS: Asset Mgmt clicked
PASS: Asset Management page opened
PASS: Manage Assets button clicked
PASS: Manage Asset page opened
TEST 01 PASSED

Browser closed
]]></system-out>
    <system-err><![CDATA[Aug 15, 2026 5:16:10 PM org.openqa.selenium.devtools.CdpVersionFinder findNearestMatch
WARNING: Unable to find CDP implementation matching 151
Aug 15, 2026 5:16:10 PM org.openqa.selenium.chromium.ChromiumDriver lambda$new$5
WARNING: Unable to find version of CDP to use for 151.0.7922.138. You may need to include a dependency on a specific version of the CDP using something similar to `org.seleniumhq.selenium:selenium-devtools-v86:4.23.1` where the version ("v86") matches the version of the chromium-based browser you're using and the version number of the artifact is the same as Selenium's.
]]></system-err>
  </testcase>
  <testcase name="testUsernameDisplayed" classname="com.test.ManageAssetTest" time="4.129">
    <system-out><![CDATA[
==========================================
APPLICATION OPENED
FRONTEND ONLY TEST
BACKEND NOT REQUIRED
==========================================

STARTING NAVIGATION
PASS: Login button clicked
PASS: Login page opened
Username and password intentionally NOT entered
PASS: Asset Mgmt clicked
PASS: Asset Management page opened
PASS: Manage Assets button clicked
PASS: Manage Asset page opened
TEST 24 PASSED - Username displayed

Browser closed
]]></system-out>
    <system-err><![CDATA[Aug 15, 2026 5:16:15 PM org.openqa.selenium.devtools.CdpVersionFinder findNearestMatch
WARNING: Unable to find CDP implementation matching 151
Aug 15, 2026 5:16:15 PM org.openqa.selenium.chromium.ChromiumDriver lambda$new$5
WARNING: Unable to find version of CDP to use for 151.0.7922.138. You may need to include a dependency on a specific version of the CDP using something similar to `org.seleniumhq.selenium:selenium-devtools-v86:4.23.1` where the version ("v86") matches the version of the chromium-based browser you're using and the version number of the artifact is the same as Selenium's.
]]></system-err>
  </testcase>
  <testcase name="testDescriptionValidation" classname="com.test.ManageAssetTest" time="7.094">
    <system-out><![CDATA[
==========================================
APPLICATION OPENED
FRONTEND ONLY TEST
BACKEND NOT REQUIRED
==========================================

STARTING NAVIGATION
PASS: Login button clicked
PASS: Login page opened
Username and password intentionally NOT entered
PASS: Asset Mgmt clicked
PASS: Asset Management page opened
PASS: Manage Assets button clicked
PASS: Manage Asset page opened
TEST 17 PASSED - Description validation

Browser closed
]]></system-out>
    <system-err><![CDATA[Aug 15, 2026 5:16:19 PM org.openqa.selenium.devtools.CdpVersionFinder findNearestMatch
WARNING: Unable to find CDP implementation matching 151
Aug 15, 2026 5:16:19 PM org.openqa.selenium.chromium.ChromiumDriver lambda$new$5
WARNING: Unable to find version of CDP to use for 151.0.7922.138. You may need to include a dependency on a specific version of the CDP using something similar to `org.seleniumhq.selenium:selenium-devtools-v86:4.23.1` where the version ("v86") matches the version of the chromium-based browser you're using and the version number of the artifact is the same as Selenium's.
]]></system-err>
  </testcase>
</testsuite>
