<?xml version="1.0" encoding="UTF-8"?>
<testsuite xmlns:xsi="http://www.w3.org/2001/XMLSchema-instance" xsi:noNamespaceSchemaLocation="https://maven.apache.org/surefire/maven-surefire-plugin/xsd/surefire-test-report-3.0.xsd" version="3.0" name="com.test.RequestApprovalTest" time="94.602" tests="15" errors="0" skipped="0" failures="0">
  <properties>
[...]
</properties>
  <testcase name="testValidRejectRequest" classname="com.test.RequestApprovalTest" time="7.241">
    <system-out><![CDATA[PASS: Login clicked
Username and password left empty
PASS: Asset Mgmt clicked
PASS: Asset Management opened
PASS: Request Approval clicked
PASS: Request Approval page opened
Alert: ❌ Request AR001 rejected.
RA13 PASS - Request rejected
]]></system-out>
    <system-err><![CDATA[Aug 08, 2026 5:29:11 PM org.openqa.selenium.devtools.CdpVersionFinder findNearestMatch
WARNING: Unable to find CDP implementation matching 151
Aug 08, 2026 5:29:11 PM org.openqa.selenium.chromium.ChromiumDriver lambda$new$5
WARNING: Unable to find version of CDP to use for 151.0.7922.76. You may need to include a dependency on a specific version of the CDP using something similar to `org.seleniumhq.selenium:selenium-devtools-v86:4.23.1` where the version ("v86") matches the version of the chromium-based browser you're using and the version number of the artifact is the same as Selenium's.
]]></system-err>
  </testcase>
  <testcase name="testValidEmployeeSearch" classname="com.test.RequestApprovalTest" time="6.074">
    <system-out><![CDATA[PASS: Login clicked
Username and password left empty
PASS: Asset Mgmt clicked
PASS: Asset Management opened
PASS: Request Approval clicked
PASS: Request Approval page opened
RA06 PASS - EMP001 search
]]></system-out>
    <system-err><![CDATA[Aug 08, 2026 5:29:17 PM org.openqa.selenium.devtools.CdpVersionFinder findNearestMatch
WARNING: Unable to find CDP implementation matching 151
Aug 08, 2026 5:29:17 PM org.openqa.selenium.chromium.ChromiumDriver lambda$new$5
WARNING: Unable to find version of CDP to use for 151.0.7922.76. You may need to include a dependency on a specific version of the CDP using something similar to `org.seleniumhq.selenium:selenium-devtools-v86:4.23.1` where the version ("v86") matches the version of the chromium-based browser you're using and the version number of the artifact is the same as Selenium's.
]]></system-err>
  </testcase>
  <testcase name="testRequestDetails" classname="com.test.RequestApprovalTest" time="5.993">
    <system-out><![CDATA[PASS: Login clicked
Username and password left empty
PASS: Asset Mgmt clicked
PASS: Asset Management opened
PASS: Request Approval clicked
PASS: Request Approval page opened
RA09 PASS - Request details verified
]]></system-out>
    <system-err><![CDATA[Aug 08, 2026 5:29:24 PM org.openqa.selenium.devtools.CdpVersionFinder findNearestMatch
WARNING: Unable to find CDP implementation matching 151
Aug 08, 2026 5:29:24 PM org.openqa.selenium.chromium.ChromiumDriver lambda$new$5
WARNING: Unable to find version of CDP to use for 151.0.7922.76. You may need to include a dependency on a specific version of the CDP using something similar to `org.seleniumhq.selenium:selenium-devtools-v86:4.23.1` where the version ("v86") matches the version of the chromium-based browser you're using and the version number of the artifact is the same as Selenium's.
]]></system-err>
  </testcase>
  <testcase name="testSearchSectionDisplayed" classname="com.test.RequestApprovalTest" time="6.078">
    <system-out><![CDATA[PASS: Login clicked
Username and password left empty
PASS: Asset Mgmt clicked
PASS: Asset Management opened
PASS: Request Approval clicked
PASS: Request Approval page opened
RA02 PASS - Search section displayed
]]></system-out>
    <system-err><![CDATA[Aug 08, 2026 5:29:30 PM org.openqa.selenium.devtools.CdpVersionFinder findNearestMatch
WARNING: Unable to find CDP implementation matching 151
Aug 08, 2026 5:29:30 PM org.openqa.selenium.chromium.ChromiumDriver lambda$new$5
WARNING: Unable to find version of CDP to use for 151.0.7922.76. You may need to include a dependency on a specific version of the CDP using something similar to `org.seleniumhq.selenium:selenium-devtools-v86:4.23.1` where the version ("v86") matches the version of the chromium-based browser you're using and the version number of the artifact is the same as Selenium's.
]]></system-err>
  </testcase>
  <testcase name="testSelectRequest" classname="com.test.RequestApprovalTest" time="6.155">
    <system-out><![CDATA[PASS: Login clicked
Username and password left empty
PASS: Asset Mgmt clicked
PASS: Asset Management opened
PASS: Request Approval clicked
PASS: Request Approval page opened
RA08 PASS - Request selected
]]></system-out>
    <system-err><![CDATA[Aug 08, 2026 5:29:36 PM org.openqa.selenium.devtools.CdpVersionFinder findNearestMatch
WARNING: Unable to find CDP implementation matching 151
Aug 08, 2026 5:29:36 PM org.openqa.selenium.chromium.ChromiumDriver lambda$new$5
WARNING: Unable to find version of CDP to use for 151.0.7922.76. You may need to include a dependency on a specific version of the CDP using something similar to `org.seleniumhq.selenium:selenium-devtools-v86:4.23.1` where the version ("v86") matches the version of the chromium-based browser you're using and the version number of the artifact is the same as Selenium's.
]]></system-err>
  </testcase>
  <testcase name="testRowsPerPage" classname="com.test.RequestApprovalTest" time="6.063">
    <system-out><![CDATA[PASS: Login clicked
Username and password left empty
PASS: Asset Mgmt clicked
PASS: Asset Management opened
PASS: Request Approval clicked
PASS: Request Approval page opened
RA14 PASS - Rows per page
]]></system-out>
    <system-err><![CDATA[Aug 08, 2026 5:29:42 PM org.openqa.selenium.devtools.CdpVersionFinder findNearestMatch
WARNING: Unable to find CDP implementation matching 151
Aug 08, 2026 5:29:42 PM org.openqa.selenium.chromium.ChromiumDriver lambda$new$5
WARNING: Unable to find version of CDP to use for 151.0.7922.76. You may need to include a dependency on a specific version of the CDP using something similar to `org.seleniumhq.selenium:selenium-devtools-v86:4.23.1` where the version ("v86") matches the version of the chromium-based browser you're using and the version number of the artifact is the same as Selenium's.
]]></system-err>
  </testcase>
  <testcase name="testInvalidEmployeeId" classname="com.test.RequestApprovalTest" time="6.121">
    <system-out><![CDATA[PASS: Login clicked
Username and password left empty
PASS: Asset Mgmt clicked
PASS: Asset Management opened
PASS: Request Approval clicked
PASS: Request Approval page opened
RA04 PASS - Invalid Employee ID
]]></system-out>
    <system-err><![CDATA[Aug 08, 2026 5:29:48 PM org.openqa.selenium.devtools.CdpVersionFinder findNearestMatch
WARNING: Unable to find CDP implementation matching 151
Aug 08, 2026 5:29:48 PM org.openqa.selenium.chromium.ChromiumDriver lambda$new$5
WARNING: Unable to find version of CDP to use for 151.0.7922.76. You may need to include a dependency on a specific version of the CDP using something similar to `org.seleniumhq.selenium:selenium-devtools-v86:4.23.1` where the version ("v86") matches the version of the chromium-based browser you're using and the version number of the artifact is the same as Selenium's.
]]></system-err>
  </testcase>
  <testcase name="testNavigateToRequestApproval" classname="com.test.RequestApprovalTest" time="6.058">
    <system-out><![CDATA[PASS: Login clicked
Username and password left empty
PASS: Asset Mgmt clicked
PASS: Asset Management opened
PASS: Request Approval clicked
PASS: Request Approval page opened
RA01 PASS - Request Approval page opened
]]></system-out>
    <system-err><![CDATA[Aug 08, 2026 5:29:54 PM org.openqa.selenium.devtools.CdpVersionFinder findNearestMatch
WARNING: Unable to find CDP implementation matching 151
Aug 08, 2026 5:29:54 PM org.openqa.selenium.chromium.ChromiumDriver lambda$new$5
WARNING: Unable to find version of CDP to use for 151.0.7922.76. You may need to include a dependency on a specific version of the CDP using something similar to `org.seleniumhq.selenium:selenium-devtools-v86:4.23.1` where the version ("v86") matches the version of the chromium-based browser you're using and the version number of the artifact is the same as Selenium's.
]]></system-err>
  </testcase>
  <testcase name="testRejectShortReason" classname="com.test.RequestApprovalTest" time="6.516">
    <system-out><![CDATA[PASS: Login clicked
Username and password left empty
PASS: Asset Mgmt clicked
PASS: Asset Management opened
PASS: Request Approval clicked
PASS: Request Approval page opened
RA12 PASS - Short rejection reason validation
]]></system-out>
    <system-err><![CDATA[Aug 08, 2026 5:30:00 PM org.openqa.selenium.devtools.CdpVersionFinder findNearestMatch
WARNING: Unable to find CDP implementation matching 151
Aug 08, 2026 5:30:00 PM org.openqa.selenium.chromium.ChromiumDriver lambda$new$5
WARNING: Unable to find version of CDP to use for 151.0.7922.76. You may need to include a dependency on a specific version of the CDP using something similar to `org.seleniumhq.selenium:selenium-devtools-v86:4.23.1` where the version ("v86") matches the version of the chromium-based browser you're using and the version number of the artifact is the same as Selenium's.
]]></system-err>
  </testcase>
  <testcase name="testEmptySearchValidation" classname="com.test.RequestApprovalTest" time="5.873">
    <system-out><![CDATA[PASS: Login clicked
Username and password left empty
PASS: Asset Mgmt clicked
PASS: Asset Management opened
PASS: Request Approval clicked
PASS: Request Approval page opened
RA03 PASS - Empty search validation
]]></system-out>
    <system-err><![CDATA[Aug 08, 2026 5:30:07 PM org.openqa.selenium.devtools.CdpVersionFinder findNearestMatch
WARNING: Unable to find CDP implementation matching 151
Aug 08, 2026 5:30:07 PM org.openqa.selenium.chromium.ChromiumDriver lambda$new$5
WARNING: Unable to find version of CDP to use for 151.0.7922.76. You may need to include a dependency on a specific version of the CDP using something similar to `org.seleniumhq.selenium:selenium-devtools-v86:4.23.1` where the version ("v86") matches the version of the chromium-based browser you're using and the version number of the artifact is the same as Selenium's.
]]></system-err>
  </testcase>
  <testcase name="testRequestApprovalSidebarActive" classname="com.test.RequestApprovalTest" time="5.913">
    <system-out><![CDATA[PASS: Login clicked
Username and password left empty
PASS: Asset Mgmt clicked
PASS: Asset Management opened
PASS: Request Approval clicked
PASS: Request Approval page opened
RA15 PASS - Request Approval sidebar active
]]></system-out>
    <system-err><![CDATA[Aug 08, 2026 5:30:12 PM org.openqa.selenium.devtools.CdpVersionFinder findNearestMatch
WARNING: Unable to find CDP implementation matching 151
Aug 08, 2026 5:30:12 PM org.openqa.selenium.chromium.ChromiumDriver lambda$new$5
WARNING: Unable to find version of CDP to use for 151.0.7922.76. You may need to include a dependency on a specific version of the CDP using something similar to `org.seleniumhq.selenium:selenium-devtools-v86:4.23.1` where the version ("v86") matches the version of the chromium-based browser you're using and the version number of the artifact is the same as Selenium's.
]]></system-err>
  </testcase>
  <testcase name="testApproveRequest" classname="com.test.RequestApprovalTest" time="7.24">
    <system-out><![CDATA[PASS: Login clicked
Username and password left empty
PASS: Asset Mgmt clicked
PASS: Asset Management opened
PASS: Request Approval clicked
PASS: Request Approval page opened
Alert: ✅ Request AR001 approved successfully!
RA10 PASS - Request approved
]]></system-out>
    <system-err><![CDATA[Aug 08, 2026 5:30:18 PM org.openqa.selenium.devtools.CdpVersionFinder findNearestMatch
WARNING: Unable to find CDP implementation matching 151
Aug 08, 2026 5:30:18 PM org.openqa.selenium.chromium.ChromiumDriver lambda$new$5
WARNING: Unable to find version of CDP to use for 151.0.7922.76. You may need to include a dependency on a specific version of the CDP using something similar to `org.seleniumhq.selenium:selenium-devtools-v86:4.23.1` where the version ("v86") matches the version of the chromium-based browser you're using and the version number of the artifact is the same as Selenium's.
]]></system-err>
  </testcase>
  <testcase name="testSearchByAssetType" classname="com.test.RequestApprovalTest" time="5.992">
    <system-out><![CDATA[PASS: Login clicked
Username and password left empty
PASS: Asset Mgmt clicked
PASS: Asset Management opened
PASS: Request Approval clicked
PASS: Request Approval page opened
RA07 PASS - Laptop search
]]></system-out>
    <system-err><![CDATA[Aug 08, 2026 5:30:26 PM org.openqa.selenium.devtools.CdpVersionFinder findNearestMatch
WARNING: Unable to find CDP implementation matching 151
Aug 08, 2026 5:30:26 PM org.openqa.selenium.chromium.ChromiumDriver lambda$new$5
WARNING: Unable to find version of CDP to use for 151.0.7922.76. You may need to include a dependency on a specific version of the CDP using something similar to `org.seleniumhq.selenium:selenium-devtools-v86:4.23.1` where the version ("v86") matches the version of the chromium-based browser you're using and the version number of the artifact is the same as Selenium's.
]]></system-err>
  </testcase>
  <testcase name="testEmployeeIdSpace" classname="com.test.RequestApprovalTest" time="6.061">
    <system-out><![CDATA[PASS: Login clicked
Username and password left empty
PASS: Asset Mgmt clicked
PASS: Asset Management opened
PASS: Request Approval clicked
PASS: Request Approval page opened
RA05 PASS - Space validation
]]></system-out>
    <system-err><![CDATA[Aug 08, 2026 5:30:32 PM org.openqa.selenium.devtools.CdpVersionFinder findNearestMatch
WARNING: Unable to find CDP implementation matching 151
Aug 08, 2026 5:30:32 PM org.openqa.selenium.chromium.ChromiumDriver lambda$new$5
WARNING: Unable to find version of CDP to use for 151.0.7922.76. You may need to include a dependency on a specific version of the CDP using something similar to `org.seleniumhq.selenium:selenium-devtools-v86:4.23.1` where the version ("v86") matches the version of the chromium-based browser you're using and the version number of the artifact is the same as Selenium's.
]]></system-err>
  </testcase>
  <testcase name="testRejectWithoutReason" classname="com.test.RequestApprovalTest" time="7.16">
    <system-out><![CDATA[PASS: Login clicked
Username and password left empty
PASS: Asset Mgmt clicked
PASS: Asset Management opened
PASS: Request Approval clicked
PASS: Request Approval page opened
RA11 PASS - Empty rejection validation
]]></system-out>
    <system-err><![CDATA[Aug 08, 2026 5:30:38 PM org.openqa.selenium.devtools.CdpVersionFinder findNearestMatch
WARNING: Unable to find CDP implementation matching 151
Aug 08, 2026 5:30:38 PM org.openqa.selenium.chromium.ChromiumDriver lambda$new$5
WARNING: Unable to find version of CDP to use for 151.0.7922.76. You may need to include a dependency on a specific version of the CDP using something similar to `org.seleniumhq.selenium:selenium-devtools-v86:4.23.1` where the version ("v86") matches the version of the chromium-based browser you're using and the version number of the artifact is the same as Selenium's.
]]></system-err>
  </testcase>
</testsuite>
