<?xml version="1.0" encoding="UTF-8"?>
<testsuite xmlns:xsi="http://www.w3.org/2001/XMLSchema-instance" xsi:noNamespaceSchemaLocation="https://maven.apache.org/surefire/maven-surefire-plugin/xsd/surefire-test-report-3.0.xsd" version="3.0" name="com.test.AssetDetailsTest" time="70.852" tests="16" errors="0" skipped="0" failures="0">
  <properties>
[...]
</properties>
  <testcase name="testResetButton" classname="com.test.AssetDetailsTest" time="5.172">
    <system-out><![CDATA[
==========================================
APPLICATION STARTED
==========================================

==========================================
TEST 9 - RESET BUTTON
==========================================

Starting navigation...
PASS: Login button clicked
Username and password intentionally left empty
PASS: Asset Mgmt button clicked
PASS: Asset Management page opened
PASS: Asset Details button clicked
PASS: Asset Details page opened
Reset button clicked
PASS: Search field reset
PASS: Category reset
TEST 9 PASSED

==========================================
BROWSER CLOSED
==========================================
]]></system-out>
    <system-err><![CDATA[Aug 08, 2026 5:41:46 PM org.openqa.selenium.devtools.CdpVersionFinder findNearestMatch
WARNING: Unable to find CDP implementation matching 151
Aug 08, 2026 5:41:46 PM org.openqa.selenium.chromium.ChromiumDriver lambda$new$5
WARNING: Unable to find version of CDP to use for 151.0.7922.76. You may need to include a dependency on a specific version of the CDP using something similar to `org.seleniumhq.selenium:selenium-devtools-v86:4.23.1` where the version ("v86") matches the version of the chromium-based browser you're using and the version number of the artifact is the same as Selenium's.
]]></system-err>
  </testcase>
  <testcase name="testAssetDetailsPage" classname="com.test.AssetDetailsTest" time="3.855">
    <system-out><![CDATA[
==========================================
APPLICATION STARTED
==========================================

==========================================
TEST 1 - ASSET DETAILS PAGE
==========================================

Starting navigation...
PASS: Login button clicked
Username and password intentionally left empty
PASS: Asset Mgmt button clicked
PASS: Asset Management page opened
PASS: Asset Details button clicked
PASS: Asset Details page opened
TEST 1 PASSED

==========================================
BROWSER CLOSED
==========================================
]]></system-out>
    <system-err><![CDATA[Aug 08, 2026 5:41:51 PM org.openqa.selenium.devtools.CdpVersionFinder findNearestMatch
WARNING: Unable to find CDP implementation matching 151
Aug 08, 2026 5:41:51 PM org.openqa.selenium.chromium.ChromiumDriver lambda$new$5
WARNING: Unable to find version of CDP to use for 151.0.7922.76. You may need to include a dependency on a specific version of the CDP using something similar to `org.seleniumhq.selenium:selenium-devtools-v86:4.23.1` where the version ("v86") matches the version of the chromium-based browser you're using and the version number of the artifact is the same as Selenium's.
]]></system-err>
  </testcase>
  <testcase name="testSearchByStatus" classname="com.test.AssetDetailsTest" time="3.933">
    <system-out><![CDATA[
==========================================
APPLICATION STARTED
==========================================

==========================================
TEST 7 - SEARCH BY STATUS
==========================================

Starting navigation...
PASS: Login button clicked
Username and password intentionally left empty
PASS: Asset Mgmt button clicked
PASS: Asset Management page opened
PASS: Asset Details button clicked
PASS: Asset Details page opened
Under Maintenance selected
TEST 7 PASSED

==========================================
BROWSER CLOSED
==========================================
]]></system-out>
    <system-err><![CDATA[Aug 08, 2026 5:41:55 PM org.openqa.selenium.devtools.CdpVersionFinder findNearestMatch
WARNING: Unable to find CDP implementation matching 151
Aug 08, 2026 5:41:55 PM org.openqa.selenium.chromium.ChromiumDriver lambda$new$5
WARNING: Unable to find version of CDP to use for 151.0.7922.76. You may need to include a dependency on a specific version of the CDP using something similar to `org.seleniumhq.selenium:selenium-devtools-v86:4.23.1` where the version ("v86") matches the version of the chromium-based browser you're using and the version number of the artifact is the same as Selenium's.
]]></system-err>
  </testcase>
  <testcase name="testAssetStatistics" classname="com.test.AssetDetailsTest" time="3.913">
    <system-out><![CDATA[
==========================================
APPLICATION STARTED
==========================================

==========================================
TEST 2 - ASSET STATISTICS
==========================================

Starting navigation...
PASS: Login button clicked
Username and password intentionally left empty
PASS: Asset Mgmt button clicked
PASS: Asset Management page opened
PASS: Asset Details button clicked
PASS: Asset Details page opened
TEST 2 PASSED

==========================================
BROWSER CLOSED
==========================================
]]></system-out>
    <system-err><![CDATA[Aug 08, 2026 5:41:58 PM org.openqa.selenium.devtools.CdpVersionFinder findNearestMatch
WARNING: Unable to find CDP implementation matching 151
Aug 08, 2026 5:41:58 PM org.openqa.selenium.chromium.ChromiumDriver lambda$new$5
WARNING: Unable to find version of CDP to use for 151.0.7922.76. You may need to include a dependency on a specific version of the CDP using something similar to `org.seleniumhq.selenium:selenium-devtools-v86:4.23.1` where the version ("v86") matches the version of the chromium-based browser you're using and the version number of the artifact is the same as Selenium's.
]]></system-err>
  </testcase>
  <testcase name="testSearchByAssetId" classname="com.test.AssetDetailsTest" time="4.827">
    <system-out><![CDATA[
==========================================
APPLICATION STARTED
==========================================

==========================================
TEST 4 - SEARCH BY ASSET ID
==========================================

Starting navigation...
PASS: Login button clicked
Username and password intentionally left empty
PASS: Asset Mgmt button clicked
PASS: Asset Management page opened
PASS: Asset Details button clicked
PASS: Asset Details page opened
Searching for AST001
TEST 4 PASSED

==========================================
BROWSER CLOSED
==========================================
]]></system-out>
    <system-err><![CDATA[Aug 08, 2026 5:42:02 PM org.openqa.selenium.devtools.CdpVersionFinder findNearestMatch
WARNING: Unable to find CDP implementation matching 151
Aug 08, 2026 5:42:02 PM org.openqa.selenium.chromium.ChromiumDriver lambda$new$5
WARNING: Unable to find version of CDP to use for 151.0.7922.76. You may need to include a dependency on a specific version of the CDP using something similar to `org.seleniumhq.selenium:selenium-devtools-v86:4.23.1` where the version ("v86") matches the version of the chromium-based browser you're using and the version number of the artifact is the same as Selenium's.
]]></system-err>
  </testcase>
  <testcase name="testSearchByCategory" classname="com.test.AssetDetailsTest" time="5.642">
    <system-out><![CDATA[
==========================================
APPLICATION STARTED
==========================================

==========================================
TEST 6 - SEARCH BY CATEGORY
==========================================

Starting navigation...
PASS: Login button clicked
Username and password intentionally left empty
PASS: Asset Mgmt button clicked
PASS: Asset Management page opened
PASS: Asset Details button clicked
PASS: Asset Details page opened
Laptop category selected
TEST 6 PASSED

==========================================
BROWSER CLOSED
==========================================
]]></system-out>
    <system-err><![CDATA[Aug 08, 2026 5:42:07 PM org.openqa.selenium.devtools.CdpVersionFinder findNearestMatch
WARNING: Unable to find CDP implementation matching 151
Aug 08, 2026 5:42:07 PM org.openqa.selenium.chromium.ChromiumDriver lambda$new$5
WARNING: Unable to find version of CDP to use for 151.0.7922.76. You may need to include a dependency on a specific version of the CDP using something similar to `org.seleniumhq.selenium:selenium-devtools-v86:4.23.1` where the version ("v86") matches the version of the chromium-based browser you're using and the version number of the artifact is the same as Selenium's.
]]></system-err>
  </testcase>
  <testcase name="testRowsPerPage" classname="com.test.AssetDetailsTest" time="3.741">
    <system-out><![CDATA[
==========================================
APPLICATION STARTED
==========================================

==========================================
TEST 12 - ROWS PER PAGE
==========================================

Starting navigation...
PASS: Login button clicked
Username and password intentionally left empty
PASS: Asset Mgmt button clicked
PASS: Asset Management page opened
PASS: Asset Details button clicked
PASS: Asset Details page opened
Rows per page set to All
PASS: Showing 5 of 5 assets
TEST 12 PASSED

==========================================
BROWSER CLOSED
==========================================
]]></system-out>
    <system-err><![CDATA[Aug 08, 2026 5:42:13 PM org.openqa.selenium.devtools.CdpVersionFinder findNearestMatch
WARNING: Unable to find CDP implementation matching 151
Aug 08, 2026 5:42:13 PM org.openqa.selenium.chromium.ChromiumDriver lambda$new$5
WARNING: Unable to find version of CDP to use for 151.0.7922.76. You may need to include a dependency on a specific version of the CDP using something similar to `org.seleniumhq.selenium:selenium-devtools-v86:4.23.1` where the version ("v86") matches the version of the chromium-based browser you're using and the version number of the artifact is the same as Selenium's.
]]></system-err>
  </testcase>
  <testcase name="testSpecialCharacterAssetId" classname="com.test.AssetDetailsTest" time="3.834">
    <system-out><![CDATA[
==========================================
APPLICATION STARTED
==========================================

==========================================
TEST 15 - SPECIAL CHARACTER ASSET ID
==========================================

Starting navigation...
PASS: Login button clicked
Username and password intentionally left empty
PASS: Asset Mgmt button clicked
PASS: Asset Management page opened
PASS: Asset Details button clicked
PASS: Asset Details page opened
PASS: Special character validation displayed
TEST 15 PASSED

==========================================
BROWSER CLOSED
==========================================
]]></system-out>
    <system-err><![CDATA[Aug 08, 2026 5:42:16 PM org.openqa.selenium.devtools.CdpVersionFinder findNearestMatch
WARNING: Unable to find CDP implementation matching 151
Aug 08, 2026 5:42:16 PM org.openqa.selenium.chromium.ChromiumDriver lambda$new$5
WARNING: Unable to find version of CDP to use for 151.0.7922.76. You may need to include a dependency on a specific version of the CDP using something similar to `org.seleniumhq.selenium:selenium-devtools-v86:4.23.1` where the version ("v86") matches the version of the chromium-based browser you're using and the version number of the artifact is the same as Selenium's.
]]></system-err>
  </testcase>
  <testcase name="testEmptySearchValidation" classname="com.test.AssetDetailsTest" time="4.109">
    <system-out><![CDATA[
==========================================
APPLICATION STARTED
==========================================

==========================================
TEST 3 - EMPTY SEARCH VALIDATION
==========================================

Starting navigation...
PASS: Login button clicked
Username and password intentionally left empty
PASS: Asset Mgmt button clicked
PASS: Asset Management page opened
PASS: Asset Details button clicked
PASS: Asset Details page opened
Search clicked without search data
TEST 3 PASSED

==========================================
BROWSER CLOSED
==========================================
]]></system-out>
    <system-err><![CDATA[Aug 08, 2026 5:42:20 PM org.openqa.selenium.devtools.CdpVersionFinder findNearestMatch
WARNING: Unable to find CDP implementation matching 151
Aug 08, 2026 5:42:20 PM org.openqa.selenium.chromium.ChromiumDriver lambda$new$5
WARNING: Unable to find version of CDP to use for 151.0.7922.76. You may need to include a dependency on a specific version of the CDP using something similar to `org.seleniumhq.selenium:selenium-devtools-v86:4.23.1` where the version ("v86") matches the version of the chromium-based browser you're using and the version number of the artifact is the same as Selenium's.
]]></system-err>
  </testcase>
  <testcase name="testBackButton" classname="com.test.AssetDetailsTest" time="3.86">
    <system-out><![CDATA[
==========================================
APPLICATION STARTED
==========================================

==========================================
TEST 13 - BACK BUTTON
==========================================

Starting navigation...
PASS: Login button clicked
Username and password intentionally left empty
PASS: Asset Mgmt button clicked
PASS: Asset Management page opened
PASS: Asset Details button clicked
PASS: Asset Details page opened
PASS: Back button clicked
TEST 13 PASSED

==========================================
BROWSER CLOSED
==========================================
]]></system-out>
    <system-err><![CDATA[Aug 08, 2026 5:42:24 PM org.openqa.selenium.devtools.CdpVersionFinder findNearestMatch
WARNING: Unable to find CDP implementation matching 151
Aug 08, 2026 5:42:24 PM org.openqa.selenium.chromium.ChromiumDriver lambda$new$5
WARNING: Unable to find version of CDP to use for 151.0.7922.76. You may need to include a dependency on a specific version of the CDP using something similar to `org.seleniumhq.selenium:selenium-devtools-v86:4.23.1` where the version ("v86") matches the version of the chromium-based browser you're using and the version number of the artifact is the same as Selenium's.
]]></system-err>
  </testcase>
  <testcase name="testSearchByLocation" classname="com.test.AssetDetailsTest" time="3.932">
    <system-out><![CDATA[
==========================================
APPLICATION STARTED
==========================================

==========================================
TEST 8 - SEARCH BY LOCATION
==========================================

Starting navigation...
PASS: Login button clicked
Username and password intentionally left empty
PASS: Asset Mgmt button clicked
PASS: Asset Management page opened
PASS: Asset Details button clicked
PASS: Asset Details page opened
Server Room selected
TEST 8 PASSED

==========================================
BROWSER CLOSED
==========================================
]]></system-out>
    <system-err><![CDATA[Aug 08, 2026 5:42:28 PM org.openqa.selenium.devtools.CdpVersionFinder findNearestMatch
WARNING: Unable to find CDP implementation matching 151
Aug 08, 2026 5:42:28 PM org.openqa.selenium.chromium.ChromiumDriver lambda$new$5
WARNING: Unable to find version of CDP to use for 151.0.7922.76. You may need to include a dependency on a specific version of the CDP using something similar to `org.seleniumhq.selenium:selenium-devtools-v86:4.23.1` where the version ("v86") matches the version of the chromium-based browser you're using and the version number of the artifact is the same as Selenium's.
]]></system-err>
  </testcase>
  <testcase name="testSearchByAssetName" classname="com.test.AssetDetailsTest" time="5.677">
    <system-out><![CDATA[
==========================================
APPLICATION STARTED
==========================================

==========================================
TEST 5 - SEARCH BY ASSET NAME
==========================================

Starting navigation...
PASS: Login button clicked
Username and password intentionally left empty
PASS: Asset Mgmt button clicked
PASS: Asset Management page opened
PASS: Asset Details button clicked
PASS: Asset Details page opened
TEST 5 PASSED

==========================================
BROWSER CLOSED
==========================================
]]></system-out>
    <system-err><![CDATA[Aug 08, 2026 5:42:32 PM org.openqa.selenium.devtools.CdpVersionFinder findNearestMatch
WARNING: Unable to find CDP implementation matching 151
Aug 08, 2026 5:42:32 PM org.openqa.selenium.chromium.ChromiumDriver lambda$new$5
WARNING: Unable to find version of CDP to use for 151.0.7922.76. You may need to include a dependency on a specific version of the CDP using something similar to `org.seleniumhq.selenium:selenium-devtools-v86:4.23.1` where the version ("v86") matches the version of the chromium-based browser you're using and the version number of the artifact is the same as Selenium's.
]]></system-err>
  </testcase>
  <testcase name="testLowercaseAssetId" classname="com.test.AssetDetailsTest" time="5.553">
    <system-out><![CDATA[
==========================================
APPLICATION STARTED
==========================================

==========================================
TEST 16 - LOWERCASE ASSET ID
==========================================

Starting navigation...
PASS: Login button clicked
Username and password intentionally left empty
PASS: Asset Mgmt button clicked
PASS: Asset Management page opened
PASS: Asset Details button clicked
PASS: Asset Details page opened
PASS: Lowercase Asset ID validation displayed
TEST 16 PASSED

==========================================
BROWSER CLOSED
==========================================
]]></system-out>
    <system-err><![CDATA[Aug 08, 2026 5:42:38 PM org.openqa.selenium.devtools.CdpVersionFinder findNearestMatch
WARNING: Unable to find CDP implementation matching 151
Aug 08, 2026 5:42:38 PM org.openqa.selenium.chromium.ChromiumDriver lambda$new$5
WARNING: Unable to find version of CDP to use for 151.0.7922.76. You may need to include a dependency on a specific version of the CDP using something similar to `org.seleniumhq.selenium:selenium-devtools-v86:4.23.1` where the version ("v86") matches the version of the chromium-based browser you're using and the version number of the artifact is the same as Selenium's.
]]></system-err>
  </testcase>
  <testcase name="testCloseAssetDetailsModal" classname="com.test.AssetDetailsTest" time="4.367">
    <system-out><![CDATA[
==========================================
APPLICATION STARTED
==========================================

==========================================
TEST 11 - CLOSE ASSET DETAILS MODAL
==========================================

Starting navigation...
PASS: Login button clicked
Username and password intentionally left empty
PASS: Asset Mgmt button clicked
PASS: Asset Management page opened
PASS: Asset Details button clicked
PASS: Asset Details page opened
Asset Details modal opened
Close button clicked
PASS: Asset Details modal closed
TEST 11 PASSED

==========================================
BROWSER CLOSED
==========================================
]]></system-out>
    <system-err><![CDATA[Aug 08, 2026 5:42:43 PM org.openqa.selenium.devtools.CdpVersionFinder findNearestMatch
WARNING: Unable to find CDP implementation matching 151
Aug 08, 2026 5:42:43 PM org.openqa.selenium.chromium.ChromiumDriver lambda$new$5
WARNING: Unable to find version of CDP to use for 151.0.7922.76. You may need to include a dependency on a specific version of the CDP using something similar to `org.seleniumhq.selenium:selenium-devtools-v86:4.23.1` where the version ("v86") matches the version of the chromium-based browser you're using and the version number of the artifact is the same as Selenium's.
]]></system-err>
  </testcase>
  <testcase name="testViewAssetDetails" classname="com.test.AssetDetailsTest" time="4.347">
    <system-out><![CDATA[
==========================================
APPLICATION STARTED
==========================================

==========================================
TEST 10 - VIEW ASSET DETAILS
==========================================

Starting navigation...
PASS: Login button clicked
Username and password intentionally left empty
PASS: Asset Mgmt button clicked
PASS: Asset Management page opened
PASS: Asset Details button clicked
PASS: Asset Details page opened
PASS: View button clicked
PASS: Asset Details modal opened
PASS: All AST001 details verified
TEST 10 PASSED

==========================================
BROWSER CLOSED
==========================================
]]></system-out>
    <system-err><![CDATA[Aug 08, 2026 5:42:48 PM org.openqa.selenium.devtools.CdpVersionFinder findNearestMatch
WARNING: Unable to find CDP implementation matching 151
Aug 08, 2026 5:42:48 PM org.openqa.selenium.chromium.ChromiumDriver lambda$new$5
WARNING: Unable to find version of CDP to use for 151.0.7922.76. You may need to include a dependency on a specific version of the CDP using something similar to `org.seleniumhq.selenium:selenium-devtools-v86:4.23.1` where the version ("v86") matches the version of the chromium-based browser you're using and the version number of the artifact is the same as Selenium's.
]]></system-err>
  </testcase>
  <testcase name="testInvalidAssetId" classname="com.test.AssetDetailsTest" time="4.012">
    <system-out><![CDATA[
==========================================
APPLICATION STARTED
==========================================

==========================================
TEST 14 - INVALID ASSET ID
==========================================

Starting navigation...
PASS: Login button clicked
Username and password intentionally left empty
PASS: Asset Mgmt button clicked
PASS: Asset Management page opened
PASS: Asset Details button clicked
PASS: Asset Details page opened
PASS: Invalid Asset ID validation displayed
TEST 14 PASSED

==========================================
BROWSER CLOSED
==========================================
]]></system-out>
    <system-err><![CDATA[Aug 08, 2026 5:42:52 PM org.openqa.selenium.devtools.CdpVersionFinder findNearestMatch
WARNING: Unable to find CDP implementation matching 151
Aug 08, 2026 5:42:52 PM org.openqa.selenium.chromium.ChromiumDriver lambda$new$5
WARNING: Unable to find version of CDP to use for 151.0.7922.76. You may need to include a dependency on a specific version of the CDP using something similar to `org.seleniumhq.selenium:selenium-devtools-v86:4.23.1` where the version ("v86") matches the version of the chromium-based browser you're using and the version number of the artifact is the same as Selenium's.
]]></system-err>
  </testcase>
</testsuite>
