<?xml version="1.0" encoding="UTF-8"?>
<testsuite xmlns:xsi="http://www.w3.org/2001/XMLSchema-instance" xsi:noNamespaceSchemaLocation="https://maven.apache.org/surefire/maven-surefire-plugin/xsd/surefire-test-report-3.0.xsd" version="3.0" name="com.test.UpdateEmployeeTest" time="79.046" tests="13" errors="0" skipped="0" failures="0">
  <properties>
[...]
</properties>
  <testcase name="testEmployeeNameDisplayed" classname="com.test.UpdateEmployeeTest" time="8.294">
    <system-out><![CDATA[======================================
Application started
======================================

Starting navigation...
STEP 1: Home page opened
STEP 2: Login button clicked
STEP 3: Login page opened
STEP 4: HR Mgmt clicked without credentials
STEP 5: HR Management page opened
STEP 6: Update Details clicked
STEP 7: Update Employee Details page opened
Entered Employee ID: EMP001
Search button clicked
PASS: Employee name displayed correctly
Browser closed
]]></system-out>
    <system-err><![CDATA[Aug 15, 2026 6:00:40 PM org.openqa.selenium.devtools.CdpVersionFinder findNearestMatch
WARNING: Unable to find CDP implementation matching 151
Aug 15, 2026 6:00:40 PM org.openqa.selenium.chromium.ChromiumDriver lambda$new$5
WARNING: Unable to find version of CDP to use for 151.0.7922.138. You may need to include a dependency on a specific version of the CDP using something similar to `org.seleniumhq.selenium:selenium-devtools-v86:4.23.1` where the version ("v86") matches the version of the chromium-based browser you're using and the version number of the artifact is the same as Selenium's.
]]></system-err>
  </testcase>
  <testcase name="testPhoneDisplayed" classname="com.test.UpdateEmployeeTest" time="5.384">
    <system-out><![CDATA[======================================
Application started
======================================

Starting navigation...
STEP 1: Home page opened
STEP 2: Login button clicked
STEP 3: Login page opened
STEP 4: HR Mgmt clicked without credentials
STEP 5: HR Management page opened
STEP 6: Update Details clicked
STEP 7: Update Employee Details page opened
Entered Employee ID: EMP001
Search button clicked
PASS: Phone number displayed correctly
Browser closed
]]></system-out>
    <system-err><![CDATA[Aug 15, 2026 6:00:46 PM org.openqa.selenium.devtools.CdpVersionFinder findNearestMatch
WARNING: Unable to find CDP implementation matching 151
Aug 15, 2026 6:00:46 PM org.openqa.selenium.chromium.ChromiumDriver lambda$new$5
WARNING: Unable to find version of CDP to use for 151.0.7922.138. You may need to include a dependency on a specific version of the CDP using something similar to `org.seleniumhq.selenium:selenium-devtools-v86:4.23.1` where the version ("v86") matches the version of the chromium-based browser you're using and the version number of the artifact is the same as Selenium's.
]]></system-err>
  </testcase>
  <testcase name="testCancelButton" classname="com.test.UpdateEmployeeTest" time="6.875">
    <system-out><![CDATA[======================================
Application started
======================================

Starting navigation...
STEP 1: Home page opened
STEP 2: Login button clicked
STEP 3: Login page opened
STEP 4: HR Mgmt clicked without credentials
STEP 5: HR Management page opened
STEP 6: Update Details clicked
STEP 7: Update Employee Details page opened
Entered Employee ID: EMP001
Search button clicked
PASS: Cancel restored original details
Browser closed
]]></system-out>
    <system-err><![CDATA[Aug 15, 2026 6:00:51 PM org.openqa.selenium.devtools.CdpVersionFinder findNearestMatch
WARNING: Unable to find CDP implementation matching 151
Aug 15, 2026 6:00:51 PM org.openqa.selenium.chromium.ChromiumDriver lambda$new$5
WARNING: Unable to find version of CDP to use for 151.0.7922.138. You may need to include a dependency on a specific version of the CDP using something similar to `org.seleniumhq.selenium:selenium-devtools-v86:4.23.1` where the version ("v86") matches the version of the chromium-based browser you're using and the version number of the artifact is the same as Selenium's.
]]></system-err>
  </testcase>
  <testcase name="testUpdateEmployeeDetails" classname="com.test.UpdateEmployeeTest" time="7.931">
    <system-out><![CDATA[======================================
Application started
======================================

Starting navigation...
STEP 1: Home page opened
STEP 2: Login button clicked
STEP 3: Login page opened
STEP 4: HR Mgmt clicked without credentials
STEP 5: HR Management page opened
STEP 6: Update Details clicked
STEP 7: Update Employee Details page opened
Entered Employee ID: EMP001
Search button clicked
Update Details clicked
Alert message: ✅ Employee EMP001 updated successfully!
Success alert: ✅ Employee EMP001 updated successfully!
PASS: Employee updated successfully
Browser closed
]]></system-out>
    <system-err><![CDATA[Aug 15, 2026 6:00:58 PM org.openqa.selenium.devtools.CdpVersionFinder findNearestMatch
WARNING: Unable to find CDP implementation matching 151
Aug 15, 2026 6:00:58 PM org.openqa.selenium.chromium.ChromiumDriver lambda$new$5
WARNING: Unable to find version of CDP to use for 151.0.7922.138. You may need to include a dependency on a specific version of the CDP using something similar to `org.seleniumhq.selenium:selenium-devtools-v86:4.23.1` where the version ("v86") matches the version of the chromium-based browser you're using and the version number of the artifact is the same as Selenium's.
]]></system-err>
  </testcase>
  <testcase name="testDesignationDisplayed" classname="com.test.UpdateEmployeeTest" time="5.713">
    <system-out><![CDATA[======================================
Application started
======================================

Starting navigation...
STEP 1: Home page opened
STEP 2: Login button clicked
STEP 3: Login page opened
STEP 4: HR Mgmt clicked without credentials
STEP 5: HR Management page opened
STEP 6: Update Details clicked
STEP 7: Update Employee Details page opened
Entered Employee ID: EMP001
Search button clicked
PASS: Designation displayed correctly
Browser closed
]]></system-out>
    <system-err><![CDATA[Aug 15, 2026 6:01:06 PM org.openqa.selenium.devtools.CdpVersionFinder findNearestMatch
WARNING: Unable to find CDP implementation matching 151
Aug 15, 2026 6:01:06 PM org.openqa.selenium.chromium.ChromiumDriver lambda$new$5
WARNING: Unable to find version of CDP to use for 151.0.7922.138. You may need to include a dependency on a specific version of the CDP using something similar to `org.seleniumhq.selenium:selenium-devtools-v86:4.23.1` where the version ("v86") matches the version of the chromium-based browser you're using and the version number of the artifact is the same as Selenium's.
]]></system-err>
  </testcase>
  <testcase name="testInvalidEmployeeId" classname="com.test.UpdateEmployeeTest" time="5.082">
    <system-out><![CDATA[======================================
Application started
======================================

Starting navigation...
STEP 1: Home page opened
STEP 2: Login button clicked
STEP 3: Login page opened
STEP 4: HR Mgmt clicked without credentials
STEP 5: HR Management page opened
STEP 6: Update Details clicked
STEP 7: Update Employee Details page opened
Testing invalid Employee ID...
Entered invalid ID: ABC123
Search button clicked
Validation message: ⚠️ Employee ID must start with 'EMP'
PASS: Invalid Employee ID validation
Browser closed
]]></system-out>
    <system-err><![CDATA[Aug 15, 2026 6:01:11 PM org.openqa.selenium.devtools.CdpVersionFinder findNearestMatch
WARNING: Unable to find CDP implementation matching 151
Aug 15, 2026 6:01:11 PM org.openqa.selenium.chromium.ChromiumDriver lambda$new$5
WARNING: Unable to find version of CDP to use for 151.0.7922.138. You may need to include a dependency on a specific version of the CDP using something similar to `org.seleniumhq.selenium:selenium-devtools-v86:4.23.1` where the version ("v86") matches the version of the chromium-based browser you're using and the version number of the artifact is the same as Selenium's.
]]></system-err>
  </testcase>
  <testcase name="testSearchEmployeeEMP001" classname="com.test.UpdateEmployeeTest" time="5.404">
    <system-out><![CDATA[======================================
Application started
======================================

Starting navigation...
STEP 1: Home page opened
STEP 2: Login button clicked
STEP 3: Login page opened
STEP 4: HR Mgmt clicked without credentials
STEP 5: HR Management page opened
STEP 6: Update Details clicked
STEP 7: Update Employee Details page opened
Entered Employee ID: EMP001
Search button clicked
PASS: EMP001 searched successfully
Browser closed
]]></system-out>
    <system-err><![CDATA[Aug 15, 2026 6:01:17 PM org.openqa.selenium.devtools.CdpVersionFinder findNearestMatch
WARNING: Unable to find CDP implementation matching 151
Aug 15, 2026 6:01:17 PM org.openqa.selenium.chromium.ChromiumDriver lambda$new$5
WARNING: Unable to find version of CDP to use for 151.0.7922.138. You may need to include a dependency on a specific version of the CDP using something similar to `org.seleniumhq.selenium:selenium-devtools-v86:4.23.1` where the version ("v86") matches the version of the chromium-based browser you're using and the version number of the artifact is the same as Selenium's.
]]></system-err>
  </testcase>
  <testcase name="testEditPhoneNumber" classname="com.test.UpdateEmployeeTest" time="5.966">
    <system-out><![CDATA[======================================
Application started
======================================

Starting navigation...
STEP 1: Home page opened
STEP 2: Login button clicked
STEP 3: Login page opened
STEP 4: HR Mgmt clicked without credentials
STEP 5: HR Management page opened
STEP 6: Update Details clicked
STEP 7: Update Employee Details page opened
Entered Employee ID: EMP001
Search button clicked
PASS: Phone number edited
Browser closed
]]></system-out>
    <system-err><![CDATA[Aug 15, 2026 6:01:22 PM org.openqa.selenium.devtools.CdpVersionFinder findNearestMatch
WARNING: Unable to find CDP implementation matching 151
Aug 15, 2026 6:01:22 PM org.openqa.selenium.chromium.ChromiumDriver lambda$new$5
WARNING: Unable to find version of CDP to use for 151.0.7922.138. You may need to include a dependency on a specific version of the CDP using something similar to `org.seleniumhq.selenium:selenium-devtools-v86:4.23.1` where the version ("v86") matches the version of the chromium-based browser you're using and the version number of the artifact is the same as Selenium's.
]]></system-err>
  </testcase>
  <testcase name="testInvalidPhoneNumber" classname="com.test.UpdateEmployeeTest" time="6.952">
    <system-out><![CDATA[======================================
Application started
======================================

Starting navigation...
STEP 1: Home page opened
STEP 2: Login button clicked
STEP 3: Login page opened
STEP 4: HR Mgmt clicked without credentials
STEP 5: HR Management page opened
STEP 6: Update Details clicked
STEP 7: Update Employee Details page opened
Entered Employee ID: EMP001
Search button clicked
PASS: Invalid phone validation
Browser closed
]]></system-out>
    <system-err><![CDATA[Aug 15, 2026 6:01:28 PM org.openqa.selenium.devtools.CdpVersionFinder findNearestMatch
WARNING: Unable to find CDP implementation matching 151
Aug 15, 2026 6:01:28 PM org.openqa.selenium.chromium.ChromiumDriver lambda$new$5
WARNING: Unable to find version of CDP to use for 151.0.7922.138. You may need to include a dependency on a specific version of the CDP using something similar to `org.seleniumhq.selenium:selenium-devtools-v86:4.23.1` where the version ("v86") matches the version of the chromium-based browser you're using and the version number of the artifact is the same as Selenium's.
]]></system-err>
  </testcase>
  <testcase name="testEditEmployeeName" classname="com.test.UpdateEmployeeTest" time="5.902">
    <system-out><![CDATA[======================================
Application started
======================================

Starting navigation...
STEP 1: Home page opened
STEP 2: Login button clicked
STEP 3: Login page opened
STEP 4: HR Mgmt clicked without credentials
STEP 5: HR Management page opened
STEP 6: Update Details clicked
STEP 7: Update Employee Details page opened
Entered Employee ID: EMP001
Search button clicked
PASS: Employee name edited
Browser closed
]]></system-out>
    <system-err><![CDATA[Aug 15, 2026 6:01:35 PM org.openqa.selenium.devtools.CdpVersionFinder findNearestMatch
WARNING: Unable to find CDP implementation matching 151
Aug 15, 2026 6:01:35 PM org.openqa.selenium.chromium.ChromiumDriver lambda$new$5
WARNING: Unable to find version of CDP to use for 151.0.7922.138. You may need to include a dependency on a specific version of the CDP using something similar to `org.seleniumhq.selenium:selenium-devtools-v86:4.23.1` where the version ("v86") matches the version of the chromium-based browser you're using and the version number of the artifact is the same as Selenium's.
]]></system-err>
  </testcase>
  <testcase name="testEmptyEmployeeId" classname="com.test.UpdateEmployeeTest" time="5.588">
    <system-out><![CDATA[======================================
Application started
======================================

Starting navigation...
STEP 1: Home page opened
STEP 2: Login button clicked
STEP 3: Login page opened
STEP 4: HR Mgmt clicked without credentials
STEP 5: HR Management page opened
STEP 6: Update Details clicked
STEP 7: Update Employee Details page opened
Testing empty Employee ID...
Search button clicked
PASS: Empty Employee ID validation
Browser closed
]]></system-out>
    <system-err><![CDATA[Aug 15, 2026 6:01:41 PM org.openqa.selenium.devtools.CdpVersionFinder findNearestMatch
WARNING: Unable to find CDP implementation matching 151
Aug 15, 2026 6:01:41 PM org.openqa.selenium.chromium.ChromiumDriver lambda$new$5
WARNING: Unable to find version of CDP to use for 151.0.7922.138. You may need to include a dependency on a specific version of the CDP using something similar to `org.seleniumhq.selenium:selenium-devtools-v86:4.23.1` where the version ("v86") matches the version of the chromium-based browser you're using and the version number of the artifact is the same as Selenium's.
]]></system-err>
  </testcase>
  <testcase name="testNavigationToUpdateEmployee" classname="com.test.UpdateEmployeeTest" time="4.232">
    <system-out><![CDATA[======================================
Application started
======================================

Starting navigation...
STEP 1: Home page opened
STEP 2: Login button clicked
STEP 3: Login page opened
STEP 4: HR Mgmt clicked without credentials
STEP 5: HR Management page opened
STEP 6: Update Details clicked
STEP 7: Update Employee Details page opened
PASS: Navigation to Update Employee Details
Browser closed
]]></system-out>
    <system-err><![CDATA[Aug 15, 2026 6:01:46 PM org.openqa.selenium.devtools.CdpVersionFinder findNearestMatch
WARNING: Unable to find CDP implementation matching 151
Aug 15, 2026 6:01:46 PM org.openqa.selenium.chromium.ChromiumDriver lambda$new$5
WARNING: Unable to find version of CDP to use for 151.0.7922.138. You may need to include a dependency on a specific version of the CDP using something similar to `org.seleniumhq.selenium:selenium-devtools-v86:4.23.1` where the version ("v86") matches the version of the chromium-based browser you're using and the version number of the artifact is the same as Selenium's.
]]></system-err>
  </testcase>
  <testcase name="testDepartmentDisplayed" classname="com.test.UpdateEmployeeTest" time="5.662">
    <system-out><![CDATA[======================================
Application started
======================================

Starting navigation...
STEP 1: Home page opened
STEP 2: Login button clicked
STEP 3: Login page opened
STEP 4: HR Mgmt clicked without credentials
STEP 5: HR Management page opened
STEP 6: Update Details clicked
STEP 7: Update Employee Details page opened
Entered Employee ID: EMP001
Search button clicked
PASS: Department displayed correctly
Browser closed
]]></system-out>
    <system-err><![CDATA[Aug 15, 2026 6:01:51 PM org.openqa.selenium.devtools.CdpVersionFinder findNearestMatch
WARNING: Unable to find CDP implementation matching 151
Aug 15, 2026 6:01:51 PM org.openqa.selenium.chromium.ChromiumDriver lambda$new$5
WARNING: Unable to find version of CDP to use for 151.0.7922.138. You may need to include a dependency on a specific version of the CDP using something similar to `org.seleniumhq.selenium:selenium-devtools-v86:4.23.1` where the version ("v86") matches the version of the chromium-based browser you're using and the version number of the artifact is the same as Selenium's.
]]></system-err>
  </testcase>
</testsuite>
