<?xml version="1.0" encoding="UTF-8"?>
<testsuite xmlns:xsi="http://www.w3.org/2001/XMLSchema-instance" xsi:noNamespaceSchemaLocation="https://maven.apache.org/surefire/maven-surefire-plugin/xsd/surefire-test-report-3.0.xsd" version="3.0" name="com.test.EmployeeStatusTest" time="1508.631" tests="36" errors="0" skipped="0" failures="0">
  <properties>
[...]
</properties>
  <testcase name="testSearchByNameWithPartialName" classname="com.test.EmployeeStatusTest" time="35.781">
    <system-out><![CDATA[✗ Employee Status button not found
✓ Clicked View Status button
]]></system-out>
    <system-err><![CDATA[SLF4J(W): No SLF4J providers were found.
SLF4J(W): Defaulting to no-operation (NOP) logger implementation
SLF4J(W): See https://www.slf4j.org/codes.html#noProviders for further details.
Aug 08, 2026 6:12:13 PM org.openqa.selenium.devtools.CdpVersionFinder findNearestMatch
WARNING: Unable to find CDP implementation matching 151
Aug 08, 2026 6:12:13 PM org.openqa.selenium.chromium.ChromiumDriver lambda$new$5
WARNING: Unable to find version of CDP to use for 151.0.7922.76. You may need to include a dependency on a specific version of the CDP using something similar to `org.seleniumhq.selenium:selenium-devtools-v86:4.23.1` where the version ("v86") matches the version of the chromium-based browser you're using and the version number of the artifact is the same as Selenium's.
]]></system-err>
  </testcase>
  <testcase name="testSearchByEmployeeName" classname="com.test.EmployeeStatusTest" time="34.267">
    <system-out><![CDATA[✗ Employee Status button not found
✓ Clicked View Status button
]]></system-out>
    <system-err><![CDATA[Aug 08, 2026 6:12:48 PM org.openqa.selenium.devtools.CdpVersionFinder findNearestMatch
WARNING: Unable to find CDP implementation matching 151
Aug 08, 2026 6:12:48 PM org.openqa.selenium.chromium.ChromiumDriver lambda$new$5
WARNING: Unable to find version of CDP to use for 151.0.7922.76. You may need to include a dependency on a specific version of the CDP using something similar to `org.seleniumhq.selenium:selenium-devtools-v86:4.23.1` where the version ("v86") matches the version of the chromium-based browser you're using and the version number of the artifact is the same as Selenium's.
]]></system-err>
  </testcase>
  <testcase name="testSearchInputValue" classname="com.test.EmployeeStatusTest" time="32.533">
    <system-out><![CDATA[✗ Employee Status button not found
✓ Clicked View Status button
]]></system-out>
    <system-err><![CDATA[Aug 08, 2026 6:13:23 PM org.openqa.selenium.devtools.CdpVersionFinder findNearestMatch
WARNING: Unable to find CDP implementation matching 151
Aug 08, 2026 6:13:23 PM org.openqa.selenium.chromium.ChromiumDriver lambda$new$5
WARNING: Unable to find version of CDP to use for 151.0.7922.76. You may need to include a dependency on a specific version of the CDP using something similar to `org.seleniumhq.selenium:selenium-devtools-v86:4.23.1` where the version ("v86") matches the version of the chromium-based browser you're using and the version number of the artifact is the same as Selenium's.
]]></system-err>
  </testcase>
  <testcase name="testSearchWithEnterKey" classname="com.test.EmployeeStatusTest" time="33.877">
    <system-out><![CDATA[✗ Employee Status button not found
✓ Clicked View Status button
]]></system-out>
    <system-err><![CDATA[Aug 08, 2026 6:13:55 PM org.openqa.selenium.devtools.CdpVersionFinder findNearestMatch
WARNING: Unable to find CDP implementation matching 151
Aug 08, 2026 6:13:55 PM org.openqa.selenium.chromium.ChromiumDriver lambda$new$5
WARNING: Unable to find version of CDP to use for 151.0.7922.76. You may need to include a dependency on a specific version of the CDP using something similar to `org.seleniumhq.selenium:selenium-devtools-v86:4.23.1` where the version ("v86") matches the version of the chromium-based browser you're using and the version number of the artifact is the same as Selenium's.
]]></system-err>
  </testcase>
  <testcase name="testValidateEmployeeId_Invalid_TooShort" classname="com.test.EmployeeStatusTest" time="64.311">
    <system-out><![CDATA[✗ Employee Status button not found
✓ Clicked View Status button
]]></system-out>
    <system-err><![CDATA[Aug 08, 2026 6:14:29 PM org.openqa.selenium.devtools.CdpVersionFinder findNearestMatch
WARNING: Unable to find CDP implementation matching 151
Aug 08, 2026 6:14:29 PM org.openqa.selenium.chromium.ChromiumDriver lambda$new$5
WARNING: Unable to find version of CDP to use for 151.0.7922.76. You may need to include a dependency on a specific version of the CDP using something similar to `org.seleniumhq.selenium:selenium-devtools-v86:4.23.1` where the version ("v86") matches the version of the chromium-based browser you're using and the version number of the artifact is the same as Selenium's.
]]></system-err>
  </testcase>
  <testcase name="testVerifyEmployeeTable" classname="com.test.EmployeeStatusTest" time="32.376">
    <system-out><![CDATA[✗ Employee Status button not found
✓ Clicked View Status button
]]></system-out>
    <system-err><![CDATA[Aug 08, 2026 6:15:33 PM org.openqa.selenium.devtools.CdpVersionFinder findNearestMatch
WARNING: Unable to find CDP implementation matching 151
Aug 08, 2026 6:15:33 PM org.openqa.selenium.chromium.ChromiumDriver lambda$new$5
WARNING: Unable to find version of CDP to use for 151.0.7922.76. You may need to include a dependency on a specific version of the CDP using something similar to `org.seleniumhq.selenium:selenium-devtools-v86:4.23.1` where the version ("v86") matches the version of the chromium-based browser you're using and the version number of the artifact is the same as Selenium's.
]]></system-err>
  </testcase>
  <testcase name="testSearchWithSingleCharacter" classname="com.test.EmployeeStatusTest" time="53.95">
    <system-out><![CDATA[✗ Employee Status button not found
✓ Clicked View Status button
]]></system-out>
    <system-err><![CDATA[Aug 08, 2026 6:16:06 PM org.openqa.selenium.devtools.CdpVersionFinder findNearestMatch
WARNING: Unable to find CDP implementation matching 151
Aug 08, 2026 6:16:06 PM org.openqa.selenium.chromium.ChromiumDriver lambda$new$5
WARNING: Unable to find version of CDP to use for 151.0.7922.76. You may need to include a dependency on a specific version of the CDP using something similar to `org.seleniumhq.selenium:selenium-devtools-v86:4.23.1` where the version ("v86") matches the version of the chromium-based browser you're using and the version number of the artifact is the same as Selenium's.
]]></system-err>
  </testcase>
  <testcase name="testUpdateStatusToInactive" classname="com.test.EmployeeStatusTest" time="34.591">
    <system-out><![CDATA[✗ Employee Status button not found
✓ Clicked View Status button
]]></system-out>
    <system-err><![CDATA[Aug 08, 2026 6:17:00 PM org.openqa.selenium.devtools.CdpVersionFinder findNearestMatch
WARNING: Unable to find CDP implementation matching 151
Aug 08, 2026 6:17:00 PM org.openqa.selenium.chromium.ChromiumDriver lambda$new$5
WARNING: Unable to find version of CDP to use for 151.0.7922.76. You may need to include a dependency on a specific version of the CDP using something similar to `org.seleniumhq.selenium:selenium-devtools-v86:4.23.1` where the version ("v86") matches the version of the chromium-based browser you're using and the version number of the artifact is the same as Selenium's.
]]></system-err>
  </testcase>
  <testcase name="testSearchWithEmptyInput" classname="com.test.EmployeeStatusTest" time="33.795">
    <system-out><![CDATA[✗ Employee Status button not found
✓ Clicked View Status button
]]></system-out>
    <system-err><![CDATA[Aug 08, 2026 6:17:34 PM org.openqa.selenium.devtools.CdpVersionFinder findNearestMatch
WARNING: Unable to find CDP implementation matching 151
Aug 08, 2026 6:17:34 PM org.openqa.selenium.chromium.ChromiumDriver lambda$new$5
WARNING: Unable to find version of CDP to use for 151.0.7922.76. You may need to include a dependency on a specific version of the CDP using something similar to `org.seleniumhq.selenium:selenium-devtools-v86:4.23.1` where the version ("v86") matches the version of the chromium-based browser you're using and the version number of the artifact is the same as Selenium's.
]]></system-err>
  </testcase>
  <testcase name="testPaginationShowAll" classname="com.test.EmployeeStatusTest" time="34.267">
    <system-out><![CDATA[✗ Employee Status button not found
✓ Clicked View Status button
]]></system-out>
    <system-err><![CDATA[Aug 08, 2026 6:18:08 PM org.openqa.selenium.devtools.CdpVersionFinder findNearestMatch
WARNING: Unable to find CDP implementation matching 151
Aug 08, 2026 6:18:08 PM org.openqa.selenium.chromium.ChromiumDriver lambda$new$5
WARNING: Unable to find version of CDP to use for 151.0.7922.76. You may need to include a dependency on a specific version of the CDP using something similar to `org.seleniumhq.selenium:selenium-devtools-v86:4.23.1` where the version ("v86") matches the version of the chromium-based browser you're using and the version number of the artifact is the same as Selenium's.
]]></system-err>
  </testcase>
  <testcase name="testVerifySearchSection" classname="com.test.EmployeeStatusTest" time="32.279">
    <system-out><![CDATA[✗ Employee Status button not found
✓ Clicked View Status button
]]></system-out>
    <system-err><![CDATA[Aug 08, 2026 6:18:42 PM org.openqa.selenium.devtools.CdpVersionFinder findNearestMatch
WARNING: Unable to find CDP implementation matching 151
Aug 08, 2026 6:18:42 PM org.openqa.selenium.chromium.ChromiumDriver lambda$new$5
WARNING: Unable to find version of CDP to use for 151.0.7922.76. You may need to include a dependency on a specific version of the CDP using something similar to `org.seleniumhq.selenium:selenium-devtools-v86:4.23.1` where the version ("v86") matches the version of the chromium-based browser you're using and the version number of the artifact is the same as Selenium's.
]]></system-err>
  </testcase>
  <testcase name="testUpdateStatusToActive" classname="com.test.EmployeeStatusTest" time="34.291">
    <system-out><![CDATA[✗ Employee Status button not found
✓ Clicked View Status button
]]></system-out>
    <system-err><![CDATA[Aug 08, 2026 6:19:15 PM org.openqa.selenium.devtools.CdpVersionFinder findNearestMatch
WARNING: Unable to find CDP implementation matching 151
Aug 08, 2026 6:19:15 PM org.openqa.selenium.chromium.ChromiumDriver lambda$new$5
WARNING: Unable to find version of CDP to use for 151.0.7922.76. You may need to include a dependency on a specific version of the CDP using something similar to `org.seleniumhq.selenium:selenium-devtools-v86:4.23.1` where the version ("v86") matches the version of the chromium-based browser you're using and the version number of the artifact is the same as Selenium's.
]]></system-err>
  </testcase>
  <testcase name="testValidateEmployeeId_Invalid_WithLeadingSpace" classname="com.test.EmployeeStatusTest" time="44.01">
    <system-out><![CDATA[✗ Employee Status button not found
✓ Clicked View Status button
]]></system-out>
    <system-err><![CDATA[Aug 08, 2026 6:19:49 PM org.openqa.selenium.devtools.CdpVersionFinder findNearestMatch
WARNING: Unable to find CDP implementation matching 151
Aug 08, 2026 6:19:49 PM org.openqa.selenium.chromium.ChromiumDriver lambda$new$5
WARNING: Unable to find version of CDP to use for 151.0.7922.76. You may need to include a dependency on a specific version of the CDP using something similar to `org.seleniumhq.selenium:selenium-devtools-v86:4.23.1` where the version ("v86") matches the version of the chromium-based browser you're using and the version number of the artifact is the same as Selenium's.
]]></system-err>
  </testcase>
  <testcase name="testLogoutFunctionality" classname="com.test.EmployeeStatusTest" time="33.435">
    <system-out><![CDATA[✗ Employee Status button not found
✓ Clicked View Status button
]]></system-out>
    <system-err><![CDATA[Aug 08, 2026 6:20:33 PM org.openqa.selenium.devtools.CdpVersionFinder findNearestMatch
WARNING: Unable to find CDP implementation matching 151
Aug 08, 2026 6:20:33 PM org.openqa.selenium.chromium.ChromiumDriver lambda$new$5
WARNING: Unable to find version of CDP to use for 151.0.7922.76. You may need to include a dependency on a specific version of the CDP using something similar to `org.seleniumhq.selenium:selenium-devtools-v86:4.23.1` where the version ("v86") matches the version of the chromium-based browser you're using and the version number of the artifact is the same as Selenium's.
]]></system-err>
  </testcase>
  <testcase name="testVerifyBackButton" classname="com.test.EmployeeStatusTest" time="33.982">
    <system-out><![CDATA[✗ Employee Status button not found
✓ Clicked View Status button
]]></system-out>
    <system-err><![CDATA[Aug 08, 2026 6:21:07 PM org.openqa.selenium.devtools.CdpVersionFinder findNearestMatch
WARNING: Unable to find CDP implementation matching 151
Aug 08, 2026 6:21:07 PM org.openqa.selenium.chromium.ChromiumDriver lambda$new$5
WARNING: Unable to find version of CDP to use for 151.0.7922.76. You may need to include a dependency on a specific version of the CDP using something similar to `org.seleniumhq.selenium:selenium-devtools-v86:4.23.1` where the version ("v86") matches the version of the chromium-based browser you're using and the version number of the artifact is the same as Selenium's.
]]></system-err>
  </testcase>
  <testcase name="testValidateEmployeeId_Invalid_Lowercase" classname="com.test.EmployeeStatusTest" time="47.657">
    <system-out><![CDATA[✗ Employee Status button not found
✓ Clicked View Status button
]]></system-out>
    <system-err><![CDATA[Aug 08, 2026 6:21:40 PM org.openqa.selenium.devtools.CdpVersionFinder findNearestMatch
WARNING: Unable to find CDP implementation matching 151
Aug 08, 2026 6:21:40 PM org.openqa.selenium.chromium.ChromiumDriver lambda$new$5
WARNING: Unable to find version of CDP to use for 151.0.7922.76. You may need to include a dependency on a specific version of the CDP using something similar to `org.seleniumhq.selenium:selenium-devtools-v86:4.23.1` where the version ("v86") matches the version of the chromium-based browser you're using and the version number of the artifact is the same as Selenium's.
]]></system-err>
  </testcase>
  <testcase name="testVerifyHeader" classname="com.test.EmployeeStatusTest" time="32.186">
    <system-out><![CDATA[✗ Employee Status button not found
✓ Clicked View Status button
]]></system-out>
    <system-err><![CDATA[Aug 08, 2026 6:22:28 PM org.openqa.selenium.devtools.CdpVersionFinder findNearestMatch
WARNING: Unable to find CDP implementation matching 151
Aug 08, 2026 6:22:28 PM org.openqa.selenium.chromium.ChromiumDriver lambda$new$5
WARNING: Unable to find version of CDP to use for 151.0.7922.76. You may need to include a dependency on a specific version of the CDP using something similar to `org.seleniumhq.selenium:selenium-devtools-v86:4.23.1` where the version ("v86") matches the version of the chromium-based browser you're using and the version number of the artifact is the same as Selenium's.
]]></system-err>
  </testcase>
  <testcase name="testValidateEmployeeId_Invalid_NotStartingWithEMP" classname="com.test.EmployeeStatusTest" time="33.85">
    <system-out><![CDATA[✗ Employee Status button not found
✓ Clicked View Status button
]]></system-out>
    <system-err><![CDATA[Aug 08, 2026 6:23:00 PM org.openqa.selenium.devtools.CdpVersionFinder findNearestMatch
WARNING: Unable to find CDP implementation matching 151
Aug 08, 2026 6:23:00 PM org.openqa.selenium.chromium.ChromiumDriver lambda$new$5
WARNING: Unable to find version of CDP to use for 151.0.7922.76. You may need to include a dependency on a specific version of the CDP using something similar to `org.seleniumhq.selenium:selenium-devtools-v86:4.23.1` where the version ("v86") matches the version of the chromium-based browser you're using and the version number of the artifact is the same as Selenium's.
]]></system-err>
  </testcase>
  <testcase name="testValidateEmployeeId_Invalid_TooLong" classname="com.test.EmployeeStatusTest" time="64.145">
    <system-out><![CDATA[✗ Employee Status button not found
✓ Clicked View Status button
]]></system-out>
    <system-err><![CDATA[Aug 08, 2026 6:23:34 PM org.openqa.selenium.devtools.CdpVersionFinder findNearestMatch
WARNING: Unable to find CDP implementation matching 151
Aug 08, 2026 6:23:34 PM org.openqa.selenium.chromium.ChromiumDriver lambda$new$5
WARNING: Unable to find version of CDP to use for 151.0.7922.76. You may need to include a dependency on a specific version of the CDP using something similar to `org.seleniumhq.selenium:selenium-devtools-v86:4.23.1` where the version ("v86") matches the version of the chromium-based browser you're using and the version number of the artifact is the same as Selenium's.
]]></system-err>
  </testcase>
  <testcase name="testSearchInvalidEmployee" classname="com.test.EmployeeStatusTest" time="34.817">
    <system-out><![CDATA[✗ Employee Status button not found
✓ Clicked View Status button
]]></system-out>
    <system-err><![CDATA[Aug 08, 2026 6:24:38 PM org.openqa.selenium.devtools.CdpVersionFinder findNearestMatch
WARNING: Unable to find CDP implementation matching 151
Aug 08, 2026 6:24:38 PM org.openqa.selenium.chromium.ChromiumDriver lambda$new$5
WARNING: Unable to find version of CDP to use for 151.0.7922.76. You may need to include a dependency on a specific version of the CDP using something similar to `org.seleniumhq.selenium:selenium-devtools-v86:4.23.1` where the version ("v86") matches the version of the chromium-based browser you're using and the version number of the artifact is the same as Selenium's.
]]></system-err>
  </testcase>
  <testcase name="testValidateEmployeeId_Valid_EMP001" classname="com.test.EmployeeStatusTest" time="65.115">
    <system-out><![CDATA[✗ Employee Status button not found
✓ Clicked View Status button
]]></system-out>
    <system-err><![CDATA[Aug 08, 2026 6:25:13 PM org.openqa.selenium.devtools.CdpVersionFinder findNearestMatch
WARNING: Unable to find CDP implementation matching 151
Aug 08, 2026 6:25:13 PM org.openqa.selenium.chromium.ChromiumDriver lambda$new$5
WARNING: Unable to find version of CDP to use for 151.0.7922.76. You may need to include a dependency on a specific version of the CDP using something similar to `org.seleniumhq.selenium:selenium-devtools-v86:4.23.1` where the version ("v86") matches the version of the chromium-based browser you're using and the version number of the artifact is the same as Selenium's.
]]></system-err>
  </testcase>
  <testcase name="testValidateEmployeeId_Valid_EMP1AB" classname="com.test.EmployeeStatusTest" time="63.494">
    <system-out><![CDATA[✗ Employee Status button not found
✓ Clicked View Status button
]]></system-out>
    <system-err><![CDATA[Aug 08, 2026 6:26:18 PM org.openqa.selenium.devtools.CdpVersionFinder findNearestMatch
WARNING: Unable to find CDP implementation matching 151
Aug 08, 2026 6:26:18 PM org.openqa.selenium.chromium.ChromiumDriver lambda$new$5
WARNING: Unable to find version of CDP to use for 151.0.7922.76. You may need to include a dependency on a specific version of the CDP using something similar to `org.seleniumhq.selenium:selenium-devtools-v86:4.23.1` where the version ("v86") matches the version of the chromium-based browser you're using and the version number of the artifact is the same as Selenium's.
]]></system-err>
  </testcase>
  <testcase name="testValidateEmployeeId_Valid_EMPA12" classname="com.test.EmployeeStatusTest" time="63.618">
    <system-out><![CDATA[✗ Employee Status button not found
✓ Clicked View Status button
]]></system-out>
    <system-err><![CDATA[Aug 08, 2026 6:27:22 PM org.openqa.selenium.devtools.CdpVersionFinder findNearestMatch
WARNING: Unable to find CDP implementation matching 151
Aug 08, 2026 6:27:22 PM org.openqa.selenium.chromium.ChromiumDriver lambda$new$5
WARNING: Unable to find version of CDP to use for 151.0.7922.76. You may need to include a dependency on a specific version of the CDP using something similar to `org.seleniumhq.selenium:selenium-devtools-v86:4.23.1` where the version ("v86") matches the version of the chromium-based browser you're using and the version number of the artifact is the same as Selenium's.
]]></system-err>
  </testcase>
  <testcase name="testValidateEmployeeId_Valid_EMPXYZ" classname="com.test.EmployeeStatusTest" time="63.753">
    <system-out><![CDATA[✗ Employee Status button not found
✓ Clicked View Status button
]]></system-out>
    <system-err><![CDATA[Aug 08, 2026 6:28:25 PM org.openqa.selenium.devtools.CdpVersionFinder findNearestMatch
WARNING: Unable to find CDP implementation matching 151
Aug 08, 2026 6:28:25 PM org.openqa.selenium.chromium.ChromiumDriver lambda$new$5
WARNING: Unable to find version of CDP to use for 151.0.7922.76. You may need to include a dependency on a specific version of the CDP using something similar to `org.seleniumhq.selenium:selenium-devtools-v86:4.23.1` where the version ("v86") matches the version of the chromium-based browser you're using and the version number of the artifact is the same as Selenium's.
]]></system-err>
  </testcase>
  <testcase name="testVerifyPageHeading" classname="com.test.EmployeeStatusTest" time="32.411">
    <system-out><![CDATA[✗ Employee Status button not found
✓ Clicked View Status button
]]></system-out>
    <system-err><![CDATA[Aug 08, 2026 6:29:29 PM org.openqa.selenium.devtools.CdpVersionFinder findNearestMatch
WARNING: Unable to find CDP implementation matching 151
Aug 08, 2026 6:29:29 PM org.openqa.selenium.chromium.ChromiumDriver lambda$new$5
WARNING: Unable to find version of CDP to use for 151.0.7922.76. You may need to include a dependency on a specific version of the CDP using something similar to `org.seleniumhq.selenium:selenium-devtools-v86:4.23.1` where the version ("v86") matches the version of the chromium-based browser you're using and the version number of the artifact is the same as Selenium's.
]]></system-err>
  </testcase>
  <testcase name="testVerifyPaginationOptions" classname="com.test.EmployeeStatusTest" time="32.683">
    <system-out><![CDATA[✗ Employee Status button not found
✓ Clicked View Status button
]]></system-out>
    <system-err><![CDATA[Aug 08, 2026 6:30:01 PM org.openqa.selenium.devtools.CdpVersionFinder findNearestMatch
WARNING: Unable to find CDP implementation matching 151
Aug 08, 2026 6:30:01 PM org.openqa.selenium.chromium.ChromiumDriver lambda$new$5
WARNING: Unable to find version of CDP to use for 151.0.7922.76. You may need to include a dependency on a specific version of the CDP using something similar to `org.seleniumhq.selenium:selenium-devtools-v86:4.23.1` where the version ("v86") matches the version of the chromium-based browser you're using and the version number of the artifact is the same as Selenium's.
]]></system-err>
  </testcase>
  <testcase name="testVerifyEmployeeRecords" classname="com.test.EmployeeStatusTest" time="32.465">
    <system-out><![CDATA[✗ Employee Status button not found
✓ Clicked View Status button
]]></system-out>
    <system-err><![CDATA[Aug 08, 2026 6:30:34 PM org.openqa.selenium.devtools.CdpVersionFinder findNearestMatch
WARNING: Unable to find CDP implementation matching 151
Aug 08, 2026 6:30:34 PM org.openqa.selenium.chromium.ChromiumDriver lambda$new$5
WARNING: Unable to find version of CDP to use for 151.0.7922.76. You may need to include a dependency on a specific version of the CDP using something similar to `org.seleniumhq.selenium:selenium-devtools-v86:4.23.1` where the version ("v86") matches the version of the chromium-based browser you're using and the version number of the artifact is the same as Selenium's.
]]></system-err>
  </testcase>
  <testcase name="testSearchValidEmployee" classname="com.test.EmployeeStatusTest" time="33.89">
    <system-out><![CDATA[✗ Employee Status button not found
✓ Clicked View Status button
]]></system-out>
    <system-err><![CDATA[Aug 08, 2026 6:31:07 PM org.openqa.selenium.devtools.CdpVersionFinder findNearestMatch
WARNING: Unable to find CDP implementation matching 151
Aug 08, 2026 6:31:07 PM org.openqa.selenium.chromium.ChromiumDriver lambda$new$5
WARNING: Unable to find version of CDP to use for 151.0.7922.76. You may need to include a dependency on a specific version of the CDP using something similar to `org.seleniumhq.selenium:selenium-devtools-v86:4.23.1` where the version ("v86") matches the version of the chromium-based browser you're using and the version number of the artifact is the same as Selenium's.
]]></system-err>
  </testcase>
  <testcase name="testValidateEmployeeId_Invalid_Empty" classname="com.test.EmployeeStatusTest" time="53.976">
    <system-out><![CDATA[✗ Employee Status button not found
✓ Clicked View Status button
]]></system-out>
    <system-err><![CDATA[Aug 08, 2026 6:31:40 PM org.openqa.selenium.devtools.CdpVersionFinder findNearestMatch
WARNING: Unable to find CDP implementation matching 151
Aug 08, 2026 6:31:40 PM org.openqa.selenium.chromium.ChromiumDriver lambda$new$5
WARNING: Unable to find version of CDP to use for 151.0.7922.76. You may need to include a dependency on a specific version of the CDP using something similar to `org.seleniumhq.selenium:selenium-devtools-v86:4.23.1` where the version ("v86") matches the version of the chromium-based browser you're using and the version number of the artifact is the same as Selenium's.
]]></system-err>
  </testcase>
  <testcase name="testValidateEmployeeId_Invalid_TrailingSpace" classname="com.test.EmployeeStatusTest" time="44.018">
    <system-out><![CDATA[✗ Employee Status button not found
✓ Clicked View Status button
]]></system-out>
    <system-err><![CDATA[Aug 08, 2026 6:32:34 PM org.openqa.selenium.devtools.CdpVersionFinder findNearestMatch
WARNING: Unable to find CDP implementation matching 151
Aug 08, 2026 6:32:34 PM org.openqa.selenium.chromium.ChromiumDriver lambda$new$5
WARNING: Unable to find version of CDP to use for 151.0.7922.76. You may need to include a dependency on a specific version of the CDP using something similar to `org.seleniumhq.selenium:selenium-devtools-v86:4.23.1` where the version ("v86") matches the version of the chromium-based browser you're using and the version number of the artifact is the same as Selenium's.
]]></system-err>
  </testcase>
  <testcase name="testValidateEmployeeId_Invalid_WithSpace" classname="com.test.EmployeeStatusTest" time="54.18">
    <system-out><![CDATA[✗ Employee Status button not found
✓ Clicked View Status button
]]></system-out>
    <system-err><![CDATA[Aug 08, 2026 6:33:18 PM org.openqa.selenium.devtools.CdpVersionFinder findNearestMatch
WARNING: Unable to find CDP implementation matching 151
Aug 08, 2026 6:33:18 PM org.openqa.selenium.chromium.ChromiumDriver lambda$new$5
WARNING: Unable to find version of CDP to use for 151.0.7922.76. You may need to include a dependency on a specific version of the CDP using something similar to `org.seleniumhq.selenium:selenium-devtools-v86:4.23.1` where the version ("v86") matches the version of the chromium-based browser you're using and the version number of the artifact is the same as Selenium's.
]]></system-err>
  </testcase>
  <testcase name="testUpdateStatusToOnLeave" classname="com.test.EmployeeStatusTest" time="34.849">
    <system-out><![CDATA[✗ Employee Status button not found
✓ Clicked View Status button
]]></system-out>
    <system-err><![CDATA[Aug 08, 2026 6:34:13 PM org.openqa.selenium.devtools.CdpVersionFinder findNearestMatch
WARNING: Unable to find CDP implementation matching 151
Aug 08, 2026 6:34:13 PM org.openqa.selenium.chromium.ChromiumDriver lambda$new$5
WARNING: Unable to find version of CDP to use for 151.0.7922.76. You may need to include a dependency on a specific version of the CDP using something similar to `org.seleniumhq.selenium:selenium-devtools-v86:4.23.1` where the version ("v86") matches the version of the chromium-based browser you're using and the version number of the artifact is the same as Selenium's.
]]></system-err>
  </testcase>
  <testcase name="testVerifyLogoutButton" classname="com.test.EmployeeStatusTest" time="31.969">
    <system-out><![CDATA[✗ Employee Status button not found
✓ Clicked View Status button
]]></system-out>
    <system-err><![CDATA[Aug 08, 2026 6:34:47 PM org.openqa.selenium.devtools.CdpVersionFinder findNearestMatch
WARNING: Unable to find CDP implementation matching 151
Aug 08, 2026 6:34:47 PM org.openqa.selenium.chromium.ChromiumDriver lambda$new$5
WARNING: Unable to find version of CDP to use for 151.0.7922.76. You may need to include a dependency on a specific version of the CDP using something similar to `org.seleniumhq.selenium:selenium-devtools-v86:4.23.1` where the version ("v86") matches the version of the chromium-based browser you're using and the version number of the artifact is the same as Selenium's.
]]></system-err>
  </testcase>
  <testcase name="testPaginationSizeChange" classname="com.test.EmployeeStatusTest" time="33.752">
    <system-out><![CDATA[✗ Employee Status button not found
✓ Clicked View Status button
]]></system-out>
    <system-err><![CDATA[Aug 08, 2026 6:35:19 PM org.openqa.selenium.devtools.CdpVersionFinder findNearestMatch
WARNING: Unable to find CDP implementation matching 151
Aug 08, 2026 6:35:19 PM org.openqa.selenium.chromium.ChromiumDriver lambda$new$5
WARNING: Unable to find version of CDP to use for 151.0.7922.76. You may need to include a dependency on a specific version of the CDP using something similar to `org.seleniumhq.selenium:selenium-devtools-v86:4.23.1` where the version ("v86") matches the version of the chromium-based browser you're using and the version number of the artifact is the same as Selenium's.
]]></system-err>
  </testcase>
  <testcase name="testValidateEmployeeId_Invalid_WithSpecialChar" classname="com.test.EmployeeStatusTest" time="54.816">
    <system-out><![CDATA[✗ Employee Status button not found
✓ Clicked View Status button
]]></system-out>
    <system-err><![CDATA[Aug 08, 2026 6:35:53 PM org.openqa.selenium.devtools.CdpVersionFinder findNearestMatch
WARNING: Unable to find CDP implementation matching 151
Aug 08, 2026 6:35:53 PM org.openqa.selenium.chromium.ChromiumDriver lambda$new$5
WARNING: Unable to find version of CDP to use for 151.0.7922.76. You may need to include a dependency on a specific version of the CDP using something similar to `org.seleniumhq.selenium:selenium-devtools-v86:4.23.1` where the version ("v86") matches the version of the chromium-based browser you're using and the version number of the artifact is the same as Selenium's.
]]></system-err>
  </testcase>
  <testcase name="testVerifyStatusBadges" classname="com.test.EmployeeStatusTest" time="33.158">
    <system-out><![CDATA[✗ Employee Status button not found
✓ Clicked View Status button
]]></system-out>
    <system-err><![CDATA[Aug 08, 2026 6:36:48 PM org.openqa.selenium.devtools.CdpVersionFinder findNearestMatch
WARNING: Unable to find CDP implementation matching 151
Aug 08, 2026 6:36:48 PM org.openqa.selenium.chromium.ChromiumDriver lambda$new$5
WARNING: Unable to find version of CDP to use for 151.0.7922.76. You may need to include a dependency on a specific version of the CDP using something similar to `org.seleniumhq.selenium:selenium-devtools-v86:4.23.1` where the version ("v86") matches the version of the chromium-based browser you're using and the version number of the artifact is the same as Selenium's.
]]></system-err>
  </testcase>
</testsuite>
